[2024-10-12T03:00:20.009-0500] {local_task_job_runner.py:120} INFO - ::group::Pre task execution logs
[2024-10-12T03:00:20.190-0500] {taskinstance.py:2076} INFO - Dependencies all met for dep_context=non-requeueable deps ti=<TaskInstance: train_dag.prediction_model manual__2024-10-12T08:00:15.055017+00:00 [queued]>
[2024-10-12T03:00:20.419-0500] {taskinstance.py:2076} INFO - Dependencies all met for dep_context=requeueable deps ti=<TaskInstance: train_dag.prediction_model manual__2024-10-12T08:00:15.055017+00:00 [queued]>
[2024-10-12T03:00:20.420-0500] {taskinstance.py:2306} INFO - Starting attempt 1 of 2
[2024-10-12T03:00:20.459-0500] {taskinstance.py:2330} INFO - Executing <Task(_PythonVirtualenvDecoratedOperator): prediction_model> on 2024-10-12 08:00:15.055017+00:00
[2024-10-12T03:00:20.472-0500] {standard_task_runner.py:90} INFO - Running: ['***', 'tasks', 'run', 'train_dag', 'prediction_model', 'manual__2024-10-12T08:00:15.055017+00:00', '--job-id', '19', '--raw', '--subdir', 'DAGS_FOLDER/train/train_dag.py', '--cfg-path', '/tmp/tmpq2xjhdh4']
[2024-10-12T03:00:20.475-0500] {standard_task_runner.py:91} INFO - Job 19: Subtask prediction_model
[2024-10-12T03:00:20.469-0500] {warnings.py:112} WARNING - /home/***/.local/lib/python3.12/site-packages/***/task/task_runner/standard_task_runner.py:62: DeprecationWarning: This process (pid=563) is multi-threaded, use of fork() may lead to deadlocks in the child.
  pid = os.fork()

[2024-10-12T03:00:20.485-0500] {standard_task_runner.py:64} INFO - Started process 583 to run task
[2024-10-12T03:00:20.545-0500] {task_command.py:426} INFO - Running <TaskInstance: train_dag.prediction_model manual__2024-10-12T08:00:15.055017+00:00 [running]> on host 81d4b92477b0
[2024-10-12T03:00:20.963-0500] {taskinstance.py:2648} INFO - Exporting env vars: AIRFLOW_CTX_DAG_OWNER='***' AIRFLOW_CTX_DAG_ID='train_dag' AIRFLOW_CTX_TASK_ID='prediction_model' AIRFLOW_CTX_EXECUTION_DATE='2024-10-12T08:00:15.055017+00:00' AIRFLOW_CTX_TRY_NUMBER='1' AIRFLOW_CTX_DAG_RUN_ID='manual__2024-10-12T08:00:15.055017+00:00'
[2024-10-12T03:00:20.965-0500] {taskinstance.py:430} INFO - ::endgroup::
[2024-10-12T03:00:20.973-0500] {process_utils.py:183} INFO - Executing cmd: /home/***/.local/bin/python -m virtualenv /tmp/venvxyvs5evx --python=python
[2024-10-12T03:00:20.977-0500] {process_utils.py:187} INFO - Output:
[2024-10-12T03:00:22.270-0500] {process_utils.py:191} INFO - created virtual environment CPython3.12.4.final.0-64 in 333ms
[2024-10-12T03:00:22.271-0500] {process_utils.py:191} INFO -   creator CPython3Posix(dest=/tmp/venvxyvs5evx, clear=False, no_vcs_ignore=False, global=False)
[2024-10-12T03:00:22.272-0500] {process_utils.py:191} INFO -   seeder FromAppData(download=False, pip=bundle, via=copy, app_data_dir=/home/***/.local/share/virtualenv)
[2024-10-12T03:00:22.273-0500] {process_utils.py:191} INFO -     added seed packages: pip==24.1
[2024-10-12T03:00:22.274-0500] {process_utils.py:191} INFO -   activators BashActivator,CShellActivator,FishActivator,NushellActivator,PowerShellActivator,PythonActivator
[2024-10-12T03:00:22.330-0500] {process_utils.py:183} INFO - Executing cmd: /tmp/venvxyvs5evx/bin/pip install -r /tmp/venvxyvs5evx/requirements.txt
[2024-10-12T03:00:22.331-0500] {process_utils.py:187} INFO - Output:
[2024-10-12T03:00:24.683-0500] {process_utils.py:191} INFO - Collecting joblib (from -r /tmp/venvxyvs5evx/requirements.txt (line 1))
[2024-10-12T03:00:24.684-0500] {process_utils.py:191} INFO -   Using cached joblib-1.4.2-py3-none-any.whl.metadata (5.4 kB)
[2024-10-12T03:00:24.968-0500] {process_utils.py:191} INFO - Collecting numpy (from -r /tmp/venvxyvs5evx/requirements.txt (line 2))
[2024-10-12T03:00:24.970-0500] {process_utils.py:191} INFO -   Using cached numpy-2.1.2-cp312-cp312-manylinux_2_17_x86_64.manylinux2014_x86_64.whl.metadata (60 kB)
[2024-10-12T03:00:27.395-0500] {process_utils.py:191} INFO - Collecting pandas (from -r /tmp/venvxyvs5evx/requirements.txt (line 3))
[2024-10-12T03:00:27.868-0500] {process_utils.py:191} INFO -   Using cached pandas-2.2.3-cp312-cp312-manylinux_2_17_x86_64.manylinux2014_x86_64.whl.metadata (89 kB)
[2024-10-12T03:00:28.256-0500] {process_utils.py:191} INFO - Collecting scikit-learn (from -r /tmp/venvxyvs5evx/requirements.txt (line 4))
[2024-10-12T03:00:28.258-0500] {process_utils.py:191} INFO -   Using cached scikit_learn-1.5.2-cp312-cp312-manylinux_2_17_x86_64.manylinux2014_x86_64.whl.metadata (13 kB)
[2024-10-12T03:00:28.369-0500] {process_utils.py:191} INFO - Collecting python-dateutil>=2.8.2 (from pandas->-r /tmp/venvxyvs5evx/requirements.txt (line 3))
[2024-10-12T03:00:28.371-0500] {process_utils.py:191} INFO -   Using cached python_dateutil-2.9.0.post0-py2.py3-none-any.whl.metadata (8.4 kB)
[2024-10-12T03:00:28.481-0500] {process_utils.py:191} INFO - Collecting pytz>=2020.1 (from pandas->-r /tmp/venvxyvs5evx/requirements.txt (line 3))
[2024-10-12T03:00:28.483-0500] {process_utils.py:191} INFO -   Using cached pytz-2024.2-py2.py3-none-any.whl.metadata (22 kB)
[2024-10-12T03:00:28.575-0500] {process_utils.py:191} INFO - Collecting tzdata>=2022.7 (from pandas->-r /tmp/venvxyvs5evx/requirements.txt (line 3))
[2024-10-12T03:00:28.577-0500] {process_utils.py:191} INFO -   Using cached tzdata-2024.2-py2.py3-none-any.whl.metadata (1.4 kB)
[2024-10-12T03:00:28.801-0500] {process_utils.py:191} INFO - Collecting scipy>=1.6.0 (from scikit-learn->-r /tmp/venvxyvs5evx/requirements.txt (line 4))
[2024-10-12T03:00:28.803-0500] {process_utils.py:191} INFO -   Using cached scipy-1.14.1-cp312-cp312-manylinux_2_17_x86_64.manylinux2014_x86_64.whl.metadata (60 kB)
[2024-10-12T03:00:29.027-0500] {process_utils.py:191} INFO - Collecting threadpoolctl>=3.1.0 (from scikit-learn->-r /tmp/venvxyvs5evx/requirements.txt (line 4))
[2024-10-12T03:00:29.029-0500] {process_utils.py:191} INFO -   Using cached threadpoolctl-3.5.0-py3-none-any.whl.metadata (13 kB)
[2024-10-12T03:00:29.111-0500] {process_utils.py:191} INFO - Collecting six>=1.5 (from python-dateutil>=2.8.2->pandas->-r /tmp/venvxyvs5evx/requirements.txt (line 3))
[2024-10-12T03:00:29.114-0500] {process_utils.py:191} INFO -   Using cached six-1.16.0-py2.py3-none-any.whl.metadata (1.8 kB)
[2024-10-12T03:00:29.151-0500] {process_utils.py:191} INFO - Using cached joblib-1.4.2-py3-none-any.whl (301 kB)
[2024-10-12T03:00:29.156-0500] {process_utils.py:191} INFO - Using cached numpy-2.1.2-cp312-cp312-manylinux_2_17_x86_64.manylinux2014_x86_64.whl (16.0 MB)
[2024-10-12T03:00:29.229-0500] {process_utils.py:191} INFO - Using cached pandas-2.2.3-cp312-cp312-manylinux_2_17_x86_64.manylinux2014_x86_64.whl (12.7 MB)
[2024-10-12T03:00:29.268-0500] {process_utils.py:191} INFO - Using cached scikit_learn-1.5.2-cp312-cp312-manylinux_2_17_x86_64.manylinux2014_x86_64.whl (12.9 MB)
[2024-10-12T03:00:29.304-0500] {process_utils.py:191} INFO - Using cached python_dateutil-2.9.0.post0-py2.py3-none-any.whl (229 kB)
[2024-10-12T03:00:29.306-0500] {process_utils.py:191} INFO - Using cached pytz-2024.2-py2.py3-none-any.whl (508 kB)
[2024-10-12T03:00:29.309-0500] {process_utils.py:191} INFO - Using cached scipy-1.14.1-cp312-cp312-manylinux_2_17_x86_64.manylinux2014_x86_64.whl (40.8 MB)
[2024-10-12T03:00:29.437-0500] {process_utils.py:191} INFO - Using cached threadpoolctl-3.5.0-py3-none-any.whl (18 kB)
[2024-10-12T03:00:29.438-0500] {process_utils.py:191} INFO - Using cached tzdata-2024.2-py2.py3-none-any.whl (346 kB)
[2024-10-12T03:00:29.441-0500] {process_utils.py:191} INFO - Using cached six-1.16.0-py2.py3-none-any.whl (11 kB)
[2024-10-12T03:00:29.854-0500] {process_utils.py:191} INFO - Installing collected packages: pytz, tzdata, threadpoolctl, six, numpy, joblib, scipy, python-dateutil, scikit-learn, pandas
[2024-10-12T03:01:27.929-0500] {process_utils.py:191} INFO - Successfully installed joblib-1.4.2 numpy-2.1.2 pandas-2.2.3 python-dateutil-2.9.0.post0 pytz-2024.2 scikit-learn-1.5.2 scipy-1.14.1 six-1.16.0 threadpoolctl-3.5.0 tzdata-2024.2
[2024-10-12T03:01:28.175-0500] {process_utils.py:191} INFO - 
[2024-10-12T03:01:28.176-0500] {process_utils.py:191} INFO - [notice] A new release of pip is available: 24.1 -> 24.2
[2024-10-12T03:01:28.177-0500] {process_utils.py:191} INFO - [notice] To update, run: python -m pip install --upgrade pip
[2024-10-12T03:01:28.524-0500] {process_utils.py:183} INFO - Executing cmd: /tmp/venvxyvs5evx/bin/python /tmp/venv-call63prmjws/script.py /tmp/venv-call63prmjws/script.in /tmp/venv-call63prmjws/script.out /tmp/venv-call63prmjws/string_args.txt /tmp/venv-call63prmjws/termination.log
[2024-10-12T03:01:28.525-0500] {process_utils.py:187} INFO - Output:
[2024-10-12T03:01:30.560-0500] {process_utils.py:191} INFO - Predicción Generada
[2024-10-12T03:01:31.221-0500] {python.py:237} INFO - Done. Returned value was: None
[2024-10-12T03:01:31.222-0500] {taskinstance.py:441} INFO - ::group::Post task execution logs
[2024-10-12T03:01:31.250-0500] {taskinstance.py:1206} INFO - Marking task as SUCCESS. dag_id=train_dag, task_id=prediction_model, run_id=manual__2024-10-12T08:00:15.055017+00:00, execution_date=20241012T080015, start_date=20241012T080020, end_date=20241012T080131
[2024-10-12T03:01:31.318-0500] {local_task_job_runner.py:243} INFO - Task exited with return code 0
[2024-10-12T03:01:31.360-0500] {taskinstance.py:3503} INFO - 1 downstream tasks scheduled from follow-on schedule check
[2024-10-12T03:01:31.362-0500] {local_task_job_runner.py:222} INFO - ::endgroup::
