[2024-10-12T02:58:47.355-0500] {local_task_job_runner.py:120} INFO - ::group::Pre task execution logs
[2024-10-12T02:58:47.403-0500] {taskinstance.py:2076} INFO - Dependencies all met for dep_context=non-requeueable deps ti=<TaskInstance: train_dag.monitoring_model manual__2024-10-12T07:56:49.673130+00:00 [queued]>
[2024-10-12T02:58:47.417-0500] {taskinstance.py:2076} INFO - Dependencies all met for dep_context=requeueable deps ti=<TaskInstance: train_dag.monitoring_model manual__2024-10-12T07:56:49.673130+00:00 [queued]>
[2024-10-12T02:58:47.418-0500] {taskinstance.py:2306} INFO - Starting attempt 1 of 2
[2024-10-12T02:58:47.435-0500] {taskinstance.py:2330} INFO - Executing <Task(_PythonVirtualenvDecoratedOperator): monitoring_model> on 2024-10-12 07:56:49.673130+00:00
[2024-10-12T02:58:47.442-0500] {warnings.py:112} WARNING - /home/***/.local/lib/python3.12/site-packages/***/task/task_runner/standard_task_runner.py:62: DeprecationWarning: This process (pid=472) is multi-threaded, use of fork() may lead to deadlocks in the child.
  pid = os.fork()

[2024-10-12T02:58:47.443-0500] {standard_task_runner.py:90} INFO - Running: ['***', 'tasks', 'run', 'train_dag', 'monitoring_model', 'manual__2024-10-12T07:56:49.673130+00:00', '--job-id', '16', '--raw', '--subdir', 'DAGS_FOLDER/train/train_dag.py', '--cfg-path', '/tmp/tmpws1bdqpc']
[2024-10-12T02:58:47.444-0500] {standard_task_runner.py:64} INFO - Started process 473 to run task
[2024-10-12T02:58:47.444-0500] {standard_task_runner.py:91} INFO - Job 16: Subtask monitoring_model
[2024-10-12T02:58:47.525-0500] {task_command.py:426} INFO - Running <TaskInstance: train_dag.monitoring_model manual__2024-10-12T07:56:49.673130+00:00 [running]> on host 81d4b92477b0
[2024-10-12T02:58:47.639-0500] {taskinstance.py:2648} INFO - Exporting env vars: AIRFLOW_CTX_DAG_OWNER='***' AIRFLOW_CTX_DAG_ID='train_dag' AIRFLOW_CTX_TASK_ID='monitoring_model' AIRFLOW_CTX_EXECUTION_DATE='2024-10-12T07:56:49.673130+00:00' AIRFLOW_CTX_TRY_NUMBER='1' AIRFLOW_CTX_DAG_RUN_ID='manual__2024-10-12T07:56:49.673130+00:00'
[2024-10-12T02:58:47.640-0500] {taskinstance.py:430} INFO - ::endgroup::
[2024-10-12T02:58:47.644-0500] {process_utils.py:183} INFO - Executing cmd: /home/***/.local/bin/python -m virtualenv /tmp/venv02buef94 --python=python
[2024-10-12T02:58:47.646-0500] {process_utils.py:187} INFO - Output:
[2024-10-12T02:58:49.023-0500] {process_utils.py:191} INFO - created virtual environment CPython3.12.4.final.0-64 in 539ms
[2024-10-12T02:58:49.024-0500] {process_utils.py:191} INFO -   creator CPython3Posix(dest=/tmp/venv02buef94, clear=False, no_vcs_ignore=False, global=False)
[2024-10-12T02:58:49.025-0500] {process_utils.py:191} INFO -   seeder FromAppData(download=False, pip=bundle, via=copy, app_data_dir=/home/***/.local/share/virtualenv)
[2024-10-12T02:58:49.026-0500] {process_utils.py:191} INFO -     added seed packages: pip==24.1
[2024-10-12T02:58:49.027-0500] {process_utils.py:191} INFO -   activators BashActivator,CShellActivator,FishActivator,NushellActivator,PowerShellActivator,PythonActivator
[2024-10-12T02:58:49.080-0500] {process_utils.py:183} INFO - Executing cmd: /tmp/venv02buef94/bin/pip install -r /tmp/venv02buef94/requirements.txt
[2024-10-12T02:58:49.081-0500] {process_utils.py:187} INFO - Output:
[2024-10-12T02:58:55.435-0500] {process_utils.py:191} INFO - Collecting joblib (from -r /tmp/venv02buef94/requirements.txt (line 1))
[2024-10-12T02:58:55.437-0500] {process_utils.py:191} INFO -   Using cached joblib-1.4.2-py3-none-any.whl.metadata (5.4 kB)
[2024-10-12T02:58:55.728-0500] {process_utils.py:191} INFO - Collecting numpy (from -r /tmp/venv02buef94/requirements.txt (line 2))
[2024-10-12T02:58:55.731-0500] {process_utils.py:191} INFO -   Using cached numpy-2.1.2-cp312-cp312-manylinux_2_17_x86_64.manylinux2014_x86_64.whl.metadata (60 kB)
[2024-10-12T02:58:56.057-0500] {process_utils.py:191} INFO - Collecting pandas (from -r /tmp/venv02buef94/requirements.txt (line 3))
[2024-10-12T02:58:56.059-0500] {process_utils.py:191} INFO -   Using cached pandas-2.2.3-cp312-cp312-manylinux_2_17_x86_64.manylinux2014_x86_64.whl.metadata (89 kB)
[2024-10-12T02:58:56.291-0500] {process_utils.py:191} INFO - Collecting scikit-learn (from -r /tmp/venv02buef94/requirements.txt (line 4))
[2024-10-12T02:58:56.293-0500] {process_utils.py:191} INFO -   Using cached scikit_learn-1.5.2-cp312-cp312-manylinux_2_17_x86_64.manylinux2014_x86_64.whl.metadata (13 kB)
[2024-10-12T02:58:56.394-0500] {process_utils.py:191} INFO - Collecting python-dateutil>=2.8.2 (from pandas->-r /tmp/venv02buef94/requirements.txt (line 3))
[2024-10-12T02:58:56.397-0500] {process_utils.py:191} INFO -   Using cached python_dateutil-2.9.0.post0-py2.py3-none-any.whl.metadata (8.4 kB)
[2024-10-12T02:58:56.507-0500] {process_utils.py:191} INFO - Collecting pytz>=2020.1 (from pandas->-r /tmp/venv02buef94/requirements.txt (line 3))
[2024-10-12T02:58:56.509-0500] {process_utils.py:191} INFO -   Using cached pytz-2024.2-py2.py3-none-any.whl.metadata (22 kB)
[2024-10-12T02:58:56.569-0500] {process_utils.py:191} INFO - Collecting tzdata>=2022.7 (from pandas->-r /tmp/venv02buef94/requirements.txt (line 3))
[2024-10-12T02:58:56.571-0500] {process_utils.py:191} INFO -   Using cached tzdata-2024.2-py2.py3-none-any.whl.metadata (1.4 kB)
[2024-10-12T02:58:56.789-0500] {process_utils.py:191} INFO - Collecting scipy>=1.6.0 (from scikit-learn->-r /tmp/venv02buef94/requirements.txt (line 4))
[2024-10-12T02:58:56.791-0500] {process_utils.py:191} INFO -   Using cached scipy-1.14.1-cp312-cp312-manylinux_2_17_x86_64.manylinux2014_x86_64.whl.metadata (60 kB)
[2024-10-12T02:58:56.887-0500] {process_utils.py:191} INFO - Collecting threadpoolctl>=3.1.0 (from scikit-learn->-r /tmp/venv02buef94/requirements.txt (line 4))
[2024-10-12T02:58:56.890-0500] {process_utils.py:191} INFO -   Using cached threadpoolctl-3.5.0-py3-none-any.whl.metadata (13 kB)
[2024-10-12T02:58:56.948-0500] {process_utils.py:191} INFO - Collecting six>=1.5 (from python-dateutil>=2.8.2->pandas->-r /tmp/venv02buef94/requirements.txt (line 3))
[2024-10-12T02:58:56.951-0500] {process_utils.py:191} INFO -   Using cached six-1.16.0-py2.py3-none-any.whl.metadata (1.8 kB)
[2024-10-12T02:58:56.972-0500] {process_utils.py:191} INFO - Using cached joblib-1.4.2-py3-none-any.whl (301 kB)
[2024-10-12T02:58:56.976-0500] {process_utils.py:191} INFO - Using cached numpy-2.1.2-cp312-cp312-manylinux_2_17_x86_64.manylinux2014_x86_64.whl (16.0 MB)
[2024-10-12T02:58:57.059-0500] {process_utils.py:191} INFO - Using cached pandas-2.2.3-cp312-cp312-manylinux_2_17_x86_64.manylinux2014_x86_64.whl (12.7 MB)
[2024-10-12T02:58:57.097-0500] {process_utils.py:191} INFO - Using cached scikit_learn-1.5.2-cp312-cp312-manylinux_2_17_x86_64.manylinux2014_x86_64.whl (12.9 MB)
[2024-10-12T02:58:57.123-0500] {process_utils.py:191} INFO - Using cached python_dateutil-2.9.0.post0-py2.py3-none-any.whl (229 kB)
[2024-10-12T02:58:57.125-0500] {process_utils.py:191} INFO - Using cached pytz-2024.2-py2.py3-none-any.whl (508 kB)
[2024-10-12T02:58:57.127-0500] {process_utils.py:191} INFO - Using cached scipy-1.14.1-cp312-cp312-manylinux_2_17_x86_64.manylinux2014_x86_64.whl (40.8 MB)
[2024-10-12T02:58:57.222-0500] {process_utils.py:191} INFO - Using cached threadpoolctl-3.5.0-py3-none-any.whl (18 kB)
[2024-10-12T02:58:57.223-0500] {process_utils.py:191} INFO - Using cached tzdata-2024.2-py2.py3-none-any.whl (346 kB)
[2024-10-12T02:58:57.225-0500] {process_utils.py:191} INFO - Using cached six-1.16.0-py2.py3-none-any.whl (11 kB)
[2024-10-12T02:58:57.614-0500] {process_utils.py:191} INFO - Installing collected packages: pytz, tzdata, threadpoolctl, six, numpy, joblib, scipy, python-dateutil, scikit-learn, pandas
[2024-10-12T03:00:05.287-0500] {process_utils.py:191} INFO - Successfully installed joblib-1.4.2 numpy-2.1.2 pandas-2.2.3 python-dateutil-2.9.0.post0 pytz-2024.2 scikit-learn-1.5.2 scipy-1.14.1 six-1.16.0 threadpoolctl-3.5.0 tzdata-2024.2
[2024-10-12T03:00:05.625-0500] {process_utils.py:191} INFO - 
[2024-10-12T03:00:05.626-0500] {process_utils.py:191} INFO - [notice] A new release of pip is available: 24.1 -> 24.2
[2024-10-12T03:00:05.627-0500] {process_utils.py:191} INFO - [notice] To update, run: python -m pip install --upgrade pip
[2024-10-12T03:00:06.327-0500] {process_utils.py:183} INFO - Executing cmd: /tmp/venv02buef94/bin/python /tmp/venv-call0uynhtwp/script.py /tmp/venv-call0uynhtwp/script.in /tmp/venv-call0uynhtwp/script.out /tmp/venv-call0uynhtwp/string_args.txt /tmp/venv-call0uynhtwp/termination.log
[2024-10-12T03:00:06.339-0500] {process_utils.py:187} INFO - Output:
[2024-10-12T03:00:12.847-0500] {process_utils.py:191} INFO - Monitoreo Completado
[2024-10-12T03:00:14.153-0500] {python.py:237} INFO - Done. Returned value was: None
[2024-10-12T03:00:14.155-0500] {taskinstance.py:441} INFO - ::group::Post task execution logs
[2024-10-12T03:00:14.188-0500] {taskinstance.py:1206} INFO - Marking task as SUCCESS. dag_id=train_dag, task_id=monitoring_model, run_id=manual__2024-10-12T07:56:49.673130+00:00, execution_date=20241012T075649, start_date=20241012T075847, end_date=20241012T080014
[2024-10-12T03:00:14.290-0500] {local_task_job_runner.py:243} INFO - Task exited with return code 0
[2024-10-12T03:00:14.321-0500] {taskinstance.py:3503} INFO - 0 downstream tasks scheduled from follow-on schedule check
[2024-10-12T03:00:14.324-0500] {local_task_job_runner.py:222} INFO - ::endgroup::
