[2024-10-12T03:19:15.903-0500] {local_task_job_runner.py:120} INFO - ::group::Pre task execution logs
[2024-10-12T03:19:15.936-0500] {taskinstance.py:2076} INFO - Dependencies all met for dep_context=non-requeueable deps ti=<TaskInstance: monitor_maintain_dag_v1_3.monitoring_model manual__2024-10-12T08:17:47.239779+00:00 [queued]>
[2024-10-12T03:19:15.946-0500] {taskinstance.py:2076} INFO - Dependencies all met for dep_context=requeueable deps ti=<TaskInstance: monitor_maintain_dag_v1_3.monitoring_model manual__2024-10-12T08:17:47.239779+00:00 [queued]>
[2024-10-12T03:19:15.947-0500] {taskinstance.py:2306} INFO - Starting attempt 1 of 2
[2024-10-12T03:19:15.962-0500] {taskinstance.py:2330} INFO - Executing <Task(_PythonVirtualenvDecoratedOperator): monitoring_model> on 2024-10-12 08:17:47.239779+00:00
[2024-10-12T03:19:15.968-0500] {warnings.py:112} WARNING - /home/***/.local/lib/python3.12/site-packages/***/task/task_runner/standard_task_runner.py:62: DeprecationWarning: This process (pid=973) is multi-threaded, use of fork() may lead to deadlocks in the child.
  pid = os.fork()

[2024-10-12T03:19:15.970-0500] {standard_task_runner.py:64} INFO - Started process 974 to run task
[2024-10-12T03:19:15.970-0500] {standard_task_runner.py:90} INFO - Running: ['***', 'tasks', 'run', 'monitor_maintain_dag_v1_3', 'monitoring_model', 'manual__2024-10-12T08:17:47.239779+00:00', '--job-id', '23', '--raw', '--subdir', 'DAGS_FOLDER/train/train_dag.py', '--cfg-path', '/tmp/tmpyp_husnd']
[2024-10-12T03:19:15.971-0500] {standard_task_runner.py:91} INFO - Job 23: Subtask monitoring_model
[2024-10-12T03:19:16.022-0500] {task_command.py:426} INFO - Running <TaskInstance: monitor_maintain_dag_v1_3.monitoring_model manual__2024-10-12T08:17:47.239779+00:00 [running]> on host 81d4b92477b0
[2024-10-12T03:19:16.119-0500] {taskinstance.py:2648} INFO - Exporting env vars: AIRFLOW_CTX_DAG_OWNER='***' AIRFLOW_CTX_DAG_ID='monitor_maintain_dag_v1_3' AIRFLOW_CTX_TASK_ID='monitoring_model' AIRFLOW_CTX_EXECUTION_DATE='2024-10-12T08:17:47.239779+00:00' AIRFLOW_CTX_TRY_NUMBER='1' AIRFLOW_CTX_DAG_RUN_ID='manual__2024-10-12T08:17:47.239779+00:00'
[2024-10-12T03:19:16.121-0500] {taskinstance.py:430} INFO - ::endgroup::
[2024-10-12T03:19:16.123-0500] {process_utils.py:183} INFO - Executing cmd: /home/***/.local/bin/python -m virtualenv /tmp/venvrivfq1eu --python=python
[2024-10-12T03:19:16.124-0500] {process_utils.py:187} INFO - Output:
[2024-10-12T03:19:16.927-0500] {process_utils.py:191} INFO - created virtual environment CPython3.12.4.final.0-64 in 236ms
[2024-10-12T03:19:16.928-0500] {process_utils.py:191} INFO -   creator CPython3Posix(dest=/tmp/venvrivfq1eu, clear=False, no_vcs_ignore=False, global=False)
[2024-10-12T03:19:16.928-0500] {process_utils.py:191} INFO -   seeder FromAppData(download=False, pip=bundle, via=copy, app_data_dir=/home/***/.local/share/virtualenv)
[2024-10-12T03:19:16.929-0500] {process_utils.py:191} INFO -     added seed packages: pip==24.1
[2024-10-12T03:19:16.930-0500] {process_utils.py:191} INFO -   activators BashActivator,CShellActivator,FishActivator,NushellActivator,PowerShellActivator,PythonActivator
[2024-10-12T03:19:16.960-0500] {process_utils.py:183} INFO - Executing cmd: /tmp/venvrivfq1eu/bin/pip install -r /tmp/venvrivfq1eu/requirements.txt
[2024-10-12T03:19:16.961-0500] {process_utils.py:187} INFO - Output:
[2024-10-12T03:19:18.710-0500] {process_utils.py:191} INFO - Collecting joblib (from -r /tmp/venvrivfq1eu/requirements.txt (line 1))
[2024-10-12T03:19:18.712-0500] {process_utils.py:191} INFO -   Using cached joblib-1.4.2-py3-none-any.whl.metadata (5.4 kB)
[2024-10-12T03:19:18.999-0500] {process_utils.py:191} INFO - Collecting numpy (from -r /tmp/venvrivfq1eu/requirements.txt (line 2))
[2024-10-12T03:19:19.001-0500] {process_utils.py:191} INFO -   Using cached numpy-2.1.2-cp312-cp312-manylinux_2_17_x86_64.manylinux2014_x86_64.whl.metadata (60 kB)
[2024-10-12T03:19:19.222-0500] {process_utils.py:191} INFO - Collecting pandas (from -r /tmp/venvrivfq1eu/requirements.txt (line 3))
[2024-10-12T03:19:19.224-0500] {process_utils.py:191} INFO -   Using cached pandas-2.2.3-cp312-cp312-manylinux_2_17_x86_64.manylinux2014_x86_64.whl.metadata (89 kB)
[2024-10-12T03:19:19.420-0500] {process_utils.py:191} INFO - Collecting scikit-learn (from -r /tmp/venvrivfq1eu/requirements.txt (line 4))
[2024-10-12T03:19:19.422-0500] {process_utils.py:191} INFO -   Using cached scikit_learn-1.5.2-cp312-cp312-manylinux_2_17_x86_64.manylinux2014_x86_64.whl.metadata (13 kB)
[2024-10-12T03:19:19.556-0500] {process_utils.py:191} INFO - Collecting python-dateutil>=2.8.2 (from pandas->-r /tmp/venvrivfq1eu/requirements.txt (line 3))
[2024-10-12T03:19:19.558-0500] {process_utils.py:191} INFO -   Using cached python_dateutil-2.9.0.post0-py2.py3-none-any.whl.metadata (8.4 kB)
[2024-10-12T03:19:19.664-0500] {process_utils.py:191} INFO - Collecting pytz>=2020.1 (from pandas->-r /tmp/venvrivfq1eu/requirements.txt (line 3))
[2024-10-12T03:19:19.666-0500] {process_utils.py:191} INFO -   Using cached pytz-2024.2-py2.py3-none-any.whl.metadata (22 kB)
[2024-10-12T03:19:19.731-0500] {process_utils.py:191} INFO - Collecting tzdata>=2022.7 (from pandas->-r /tmp/venvrivfq1eu/requirements.txt (line 3))
[2024-10-12T03:19:19.733-0500] {process_utils.py:191} INFO -   Using cached tzdata-2024.2-py2.py3-none-any.whl.metadata (1.4 kB)
[2024-10-12T03:19:19.985-0500] {process_utils.py:191} INFO - Collecting scipy>=1.6.0 (from scikit-learn->-r /tmp/venvrivfq1eu/requirements.txt (line 4))
[2024-10-12T03:19:19.987-0500] {process_utils.py:191} INFO -   Using cached scipy-1.14.1-cp312-cp312-manylinux_2_17_x86_64.manylinux2014_x86_64.whl.metadata (60 kB)
[2024-10-12T03:19:20.070-0500] {process_utils.py:191} INFO - Collecting threadpoolctl>=3.1.0 (from scikit-learn->-r /tmp/venvrivfq1eu/requirements.txt (line 4))
[2024-10-12T03:19:20.072-0500] {process_utils.py:191} INFO -   Using cached threadpoolctl-3.5.0-py3-none-any.whl.metadata (13 kB)
[2024-10-12T03:19:20.147-0500] {process_utils.py:191} INFO - Collecting six>=1.5 (from python-dateutil>=2.8.2->pandas->-r /tmp/venvrivfq1eu/requirements.txt (line 3))
[2024-10-12T03:19:20.149-0500] {process_utils.py:191} INFO -   Using cached six-1.16.0-py2.py3-none-any.whl.metadata (1.8 kB)
[2024-10-12T03:19:20.173-0500] {process_utils.py:191} INFO - Using cached joblib-1.4.2-py3-none-any.whl (301 kB)
[2024-10-12T03:19:20.175-0500] {process_utils.py:191} INFO - Using cached numpy-2.1.2-cp312-cp312-manylinux_2_17_x86_64.manylinux2014_x86_64.whl (16.0 MB)
[2024-10-12T03:19:20.215-0500] {process_utils.py:191} INFO - Using cached pandas-2.2.3-cp312-cp312-manylinux_2_17_x86_64.manylinux2014_x86_64.whl (12.7 MB)
[2024-10-12T03:19:20.248-0500] {process_utils.py:191} INFO - Using cached scikit_learn-1.5.2-cp312-cp312-manylinux_2_17_x86_64.manylinux2014_x86_64.whl (12.9 MB)
[2024-10-12T03:19:20.282-0500] {process_utils.py:191} INFO - Using cached python_dateutil-2.9.0.post0-py2.py3-none-any.whl (229 kB)
[2024-10-12T03:19:20.284-0500] {process_utils.py:191} INFO - Using cached pytz-2024.2-py2.py3-none-any.whl (508 kB)
[2024-10-12T03:19:20.286-0500] {process_utils.py:191} INFO - Using cached scipy-1.14.1-cp312-cp312-manylinux_2_17_x86_64.manylinux2014_x86_64.whl (40.8 MB)
[2024-10-12T03:19:20.394-0500] {process_utils.py:191} INFO - Using cached threadpoolctl-3.5.0-py3-none-any.whl (18 kB)
[2024-10-12T03:19:20.396-0500] {process_utils.py:191} INFO - Using cached tzdata-2024.2-py2.py3-none-any.whl (346 kB)
[2024-10-12T03:19:20.398-0500] {process_utils.py:191} INFO - Using cached six-1.16.0-py2.py3-none-any.whl (11 kB)
[2024-10-12T03:19:20.733-0500] {process_utils.py:191} INFO - Installing collected packages: pytz, tzdata, threadpoolctl, six, numpy, joblib, scipy, python-dateutil, scikit-learn, pandas
[2024-10-12T03:19:35.031-0500] {process_utils.py:191} INFO - Successfully installed joblib-1.4.2 numpy-2.1.2 pandas-2.2.3 python-dateutil-2.9.0.post0 pytz-2024.2 scikit-learn-1.5.2 scipy-1.14.1 six-1.16.0 threadpoolctl-3.5.0 tzdata-2024.2
[2024-10-12T03:19:35.239-0500] {process_utils.py:191} INFO - 
[2024-10-12T03:19:35.240-0500] {process_utils.py:191} INFO - [notice] A new release of pip is available: 24.1 -> 24.2
[2024-10-12T03:19:35.240-0500] {process_utils.py:191} INFO - [notice] To update, run: python -m pip install --upgrade pip
[2024-10-12T03:19:35.472-0500] {process_utils.py:183} INFO - Executing cmd: /tmp/venvrivfq1eu/bin/python /tmp/venv-calltgxdyggt/script.py /tmp/venv-calltgxdyggt/script.in /tmp/venv-calltgxdyggt/script.out /tmp/venv-calltgxdyggt/string_args.txt /tmp/venv-calltgxdyggt/termination.log
[2024-10-12T03:19:35.473-0500] {process_utils.py:187} INFO - Output:
[2024-10-12T03:19:37.477-0500] {process_utils.py:191} INFO - Monitoreo Completado
[2024-10-12T03:19:38.094-0500] {python.py:237} INFO - Done. Returned value was: None
[2024-10-12T03:19:38.095-0500] {taskinstance.py:441} INFO - ::group::Post task execution logs
[2024-10-12T03:19:38.107-0500] {taskinstance.py:1206} INFO - Marking task as SUCCESS. dag_id=monitor_maintain_dag_v1_3, task_id=monitoring_model, run_id=manual__2024-10-12T08:17:47.239779+00:00, execution_date=20241012T081747, start_date=20241012T081915, end_date=20241012T081938
[2024-10-12T03:19:38.151-0500] {local_task_job_runner.py:243} INFO - Task exited with return code 0
[2024-10-12T03:19:38.168-0500] {taskinstance.py:3503} INFO - 0 downstream tasks scheduled from follow-on schedule check
[2024-10-12T03:19:38.171-0500] {local_task_job_runner.py:222} INFO - ::endgroup::
