[2024-10-12T04:25:05.681-0500] {local_task_job_runner.py:120} INFO - ::group::Pre task execution logs
[2024-10-12T04:25:05.808-0500] {taskinstance.py:2076} INFO - Dependencies all met for dep_context=non-requeueable deps ti=<TaskInstance: monitor_maintain_dag_v1_3.train_model manual__2024-10-12T09:24:17.715612+00:00 [queued]>
[2024-10-12T04:25:05.826-0500] {taskinstance.py:2076} INFO - Dependencies all met for dep_context=requeueable deps ti=<TaskInstance: monitor_maintain_dag_v1_3.train_model manual__2024-10-12T09:24:17.715612+00:00 [queued]>
[2024-10-12T04:25:05.826-0500] {taskinstance.py:2306} INFO - Starting attempt 1 of 2
[2024-10-12T04:25:05.852-0500] {taskinstance.py:2330} INFO - Executing <Task(_PythonVirtualenvDecoratedOperator): train_model> on 2024-10-12 09:24:17.715612+00:00
[2024-10-12T04:25:05.858-0500] {warnings.py:112} WARNING - /home/***/.local/lib/python3.12/site-packages/***/task/task_runner/standard_task_runner.py:62: DeprecationWarning: This process (pid=159) is multi-threaded, use of fork() may lead to deadlocks in the child.
  pid = os.fork()

[2024-10-12T04:25:05.859-0500] {standard_task_runner.py:90} INFO - Running: ['***', 'tasks', 'run', 'monitor_maintain_dag_v1_3', 'train_model', 'manual__2024-10-12T09:24:17.715612+00:00', '--job-id', '39', '--raw', '--subdir', 'DAGS_FOLDER/train/train_dag.py', '--cfg-path', '/tmp/tmpe8vrogfj']
[2024-10-12T04:25:05.860-0500] {standard_task_runner.py:64} INFO - Started process 160 to run task
[2024-10-12T04:25:05.861-0500] {standard_task_runner.py:91} INFO - Job 39: Subtask train_model
[2024-10-12T04:25:05.921-0500] {task_command.py:426} INFO - Running <TaskInstance: monitor_maintain_dag_v1_3.train_model manual__2024-10-12T09:24:17.715612+00:00 [running]> on host 9f5514a2a604
[2024-10-12T04:25:06.037-0500] {taskinstance.py:2648} INFO - Exporting env vars: AIRFLOW_CTX_DAG_OWNER='***' AIRFLOW_CTX_DAG_ID='monitor_maintain_dag_v1_3' AIRFLOW_CTX_TASK_ID='train_model' AIRFLOW_CTX_EXECUTION_DATE='2024-10-12T09:24:17.715612+00:00' AIRFLOW_CTX_TRY_NUMBER='1' AIRFLOW_CTX_DAG_RUN_ID='manual__2024-10-12T09:24:17.715612+00:00'
[2024-10-12T04:25:06.038-0500] {taskinstance.py:430} INFO - ::endgroup::
[2024-10-12T04:25:06.051-0500] {process_utils.py:183} INFO - Executing cmd: /home/***/.local/bin/python -m virtualenv /tmp/venvkfv56s_a --python=python
[2024-10-12T04:25:06.056-0500] {process_utils.py:187} INFO - Output:
[2024-10-12T04:25:20.428-0500] {process_utils.py:191} INFO - created virtual environment CPython3.12.4.final.0-64 in 10827ms
[2024-10-12T04:25:20.429-0500] {process_utils.py:191} INFO -   creator CPython3Posix(dest=/tmp/venvkfv56s_a, clear=False, no_vcs_ignore=False, global=False)
[2024-10-12T04:25:20.430-0500] {process_utils.py:191} INFO -   seeder FromAppData(download=False, pip=bundle, via=copy, app_data_dir=/home/***/.local/share/virtualenv)
[2024-10-12T04:25:20.431-0500] {process_utils.py:191} INFO -     added seed packages: pip==24.1
[2024-10-12T04:25:20.432-0500] {process_utils.py:191} INFO -   activators BashActivator,CShellActivator,FishActivator,NushellActivator,PowerShellActivator,PythonActivator
[2024-10-12T04:25:20.478-0500] {process_utils.py:183} INFO - Executing cmd: /tmp/venvkfv56s_a/bin/pip install -r /tmp/venvkfv56s_a/requirements.txt
[2024-10-12T04:25:20.480-0500] {process_utils.py:187} INFO - Output:
[2024-10-12T04:25:26.378-0500] {process_utils.py:191} INFO - Collecting joblib (from -r /tmp/venvkfv56s_a/requirements.txt (line 1))
[2024-10-12T04:25:26.393-0500] {process_utils.py:191} INFO -   Using cached joblib-1.4.2-py3-none-any.whl.metadata (5.4 kB)
[2024-10-12T04:25:26.879-0500] {process_utils.py:191} INFO - Collecting numpy (from -r /tmp/venvkfv56s_a/requirements.txt (line 2))
[2024-10-12T04:25:26.939-0500] {process_utils.py:191} INFO -   Using cached numpy-2.1.2-cp312-cp312-manylinux_2_17_x86_64.manylinux2014_x86_64.whl.metadata (60 kB)
[2024-10-12T04:25:29.300-0500] {process_utils.py:191} INFO - Collecting pandas (from -r /tmp/venvkfv56s_a/requirements.txt (line 3))
[2024-10-12T04:25:29.340-0500] {process_utils.py:191} INFO -   Using cached pandas-2.2.3-cp312-cp312-manylinux_2_17_x86_64.manylinux2014_x86_64.whl.metadata (89 kB)
[2024-10-12T04:25:29.655-0500] {process_utils.py:191} INFO - Collecting scikit-learn (from -r /tmp/venvkfv56s_a/requirements.txt (line 4))
[2024-10-12T04:25:30.044-0500] {process_utils.py:191} INFO -   Using cached scikit_learn-1.5.2-cp312-cp312-manylinux_2_17_x86_64.manylinux2014_x86_64.whl.metadata (13 kB)
[2024-10-12T04:25:31.103-0500] {process_utils.py:191} INFO - Collecting python-dateutil>=2.8.2 (from pandas->-r /tmp/venvkfv56s_a/requirements.txt (line 3))
[2024-10-12T04:25:31.114-0500] {process_utils.py:191} INFO -   Using cached python_dateutil-2.9.0.post0-py2.py3-none-any.whl.metadata (8.4 kB)
[2024-10-12T04:25:31.303-0500] {process_utils.py:191} INFO - Collecting pytz>=2020.1 (from pandas->-r /tmp/venvkfv56s_a/requirements.txt (line 3))
[2024-10-12T04:25:31.321-0500] {process_utils.py:191} INFO -   Using cached pytz-2024.2-py2.py3-none-any.whl.metadata (22 kB)
[2024-10-12T04:25:31.542-0500] {process_utils.py:191} INFO - Collecting tzdata>=2022.7 (from pandas->-r /tmp/venvkfv56s_a/requirements.txt (line 3))
[2024-10-12T04:25:32.167-0500] {process_utils.py:191} INFO -   Using cached tzdata-2024.2-py2.py3-none-any.whl.metadata (1.4 kB)
[2024-10-12T04:25:33.217-0500] {process_utils.py:191} INFO - Collecting scipy>=1.6.0 (from scikit-learn->-r /tmp/venvkfv56s_a/requirements.txt (line 4))
[2024-10-12T04:25:34.077-0500] {process_utils.py:191} INFO -   Using cached scipy-1.14.1-cp312-cp312-manylinux_2_17_x86_64.manylinux2014_x86_64.whl.metadata (60 kB)
[2024-10-12T04:25:34.744-0500] {process_utils.py:191} INFO - Collecting threadpoolctl>=3.1.0 (from scikit-learn->-r /tmp/venvkfv56s_a/requirements.txt (line 4))
[2024-10-12T04:25:34.752-0500] {process_utils.py:191} INFO -   Using cached threadpoolctl-3.5.0-py3-none-any.whl.metadata (13 kB)
[2024-10-12T04:25:34.834-0500] {process_utils.py:191} INFO - Collecting six>=1.5 (from python-dateutil>=2.8.2->pandas->-r /tmp/venvkfv56s_a/requirements.txt (line 3))
[2024-10-12T04:25:34.845-0500] {process_utils.py:191} INFO -   Using cached six-1.16.0-py2.py3-none-any.whl.metadata (1.8 kB)
[2024-10-12T04:25:34.888-0500] {process_utils.py:191} INFO - Using cached joblib-1.4.2-py3-none-any.whl (301 kB)
[2024-10-12T04:25:34.899-0500] {process_utils.py:191} INFO - Using cached numpy-2.1.2-cp312-cp312-manylinux_2_17_x86_64.manylinux2014_x86_64.whl (16.0 MB)
[2024-10-12T04:25:36.447-0500] {process_utils.py:191} INFO - Using cached pandas-2.2.3-cp312-cp312-manylinux_2_17_x86_64.manylinux2014_x86_64.whl (12.7 MB)
[2024-10-12T04:25:36.602-0500] {process_utils.py:191} INFO - Using cached scikit_learn-1.5.2-cp312-cp312-manylinux_2_17_x86_64.manylinux2014_x86_64.whl (12.9 MB)
[2024-10-12T04:25:38.365-0500] {process_utils.py:191} INFO - Using cached python_dateutil-2.9.0.post0-py2.py3-none-any.whl (229 kB)
[2024-10-12T04:25:38.421-0500] {process_utils.py:191} INFO - Using cached pytz-2024.2-py2.py3-none-any.whl (508 kB)
[2024-10-12T04:25:40.088-0500] {process_utils.py:191} INFO - Using cached scipy-1.14.1-cp312-cp312-manylinux_2_17_x86_64.manylinux2014_x86_64.whl (40.8 MB)
[2024-10-12T04:26:09.493-0500] {process_utils.py:191} INFO - Using cached threadpoolctl-3.5.0-py3-none-any.whl (18 kB)
[2024-10-12T04:26:09.515-0500] {process_utils.py:191} INFO - Using cached tzdata-2024.2-py2.py3-none-any.whl (346 kB)
[2024-10-12T04:26:09.558-0500] {process_utils.py:191} INFO - Using cached six-1.16.0-py2.py3-none-any.whl (11 kB)
[2024-10-12T04:26:18.425-0500] {process_utils.py:191} INFO - Installing collected packages: pytz, tzdata, threadpoolctl, six, numpy, joblib, scipy, python-dateutil, scikit-learn, pandas
[2024-10-12T04:27:57.910-0500] {process_utils.py:191} INFO - Successfully installed joblib-1.4.2 numpy-2.1.2 pandas-2.2.3 python-dateutil-2.9.0.post0 pytz-2024.2 scikit-learn-1.5.2 scipy-1.14.1 six-1.16.0 threadpoolctl-3.5.0 tzdata-2024.2
[2024-10-12T04:27:58.129-0500] {process_utils.py:191} INFO - 
[2024-10-12T04:27:58.130-0500] {process_utils.py:191} INFO - [notice] A new release of pip is available: 24.1 -> 24.2
[2024-10-12T04:27:58.131-0500] {process_utils.py:191} INFO - [notice] To update, run: python -m pip install --upgrade pip
[2024-10-12T04:27:58.371-0500] {process_utils.py:183} INFO - Executing cmd: /tmp/venvkfv56s_a/bin/python /tmp/venv-callgaaa46cf/script.py /tmp/venv-callgaaa46cf/script.in /tmp/venv-callgaaa46cf/script.out /tmp/venv-callgaaa46cf/string_args.txt /tmp/venv-callgaaa46cf/termination.log
[2024-10-12T04:27:58.373-0500] {process_utils.py:187} INFO - Output:
[2024-10-12T04:28:00.018-0500] {process_utils.py:191} INFO - Modelo Entrenado y Guardado
[2024-10-12T04:28:00.520-0500] {python.py:237} INFO - Done. Returned value was: Modelo Entrenado
[2024-10-12T04:28:00.521-0500] {taskinstance.py:441} INFO - ::group::Post task execution logs
[2024-10-12T04:28:00.570-0500] {taskinstance.py:1206} INFO - Marking task as SUCCESS. dag_id=monitor_maintain_dag_v1_3, task_id=train_model, run_id=manual__2024-10-12T09:24:17.715612+00:00, execution_date=20241012T092417, start_date=20241012T092505, end_date=20241012T092800
[2024-10-12T04:28:00.600-0500] {local_task_job_runner.py:243} INFO - Task exited with return code 0
[2024-10-12T04:28:00.640-0500] {taskinstance.py:3503} INFO - 0 downstream tasks scheduled from follow-on schedule check
[2024-10-12T04:28:00.642-0500] {local_task_job_runner.py:222} INFO - ::endgroup::
