[2024-10-12T03:18:20.878-0500] {local_task_job_runner.py:120} INFO - ::group::Pre task execution logs
[2024-10-12T03:18:20.916-0500] {taskinstance.py:2076} INFO - Dependencies all met for dep_context=non-requeueable deps ti=<TaskInstance: monitor_maintain_dag_v1_3.prediction_model manual__2024-10-12T08:17:47.239779+00:00 [queued]>
[2024-10-12T03:18:20.929-0500] {taskinstance.py:2076} INFO - Dependencies all met for dep_context=requeueable deps ti=<TaskInstance: monitor_maintain_dag_v1_3.prediction_model manual__2024-10-12T08:17:47.239779+00:00 [queued]>
[2024-10-12T03:18:20.930-0500] {taskinstance.py:2306} INFO - Starting attempt 1 of 2
[2024-10-12T03:18:20.948-0500] {taskinstance.py:2330} INFO - Executing <Task(_PythonVirtualenvDecoratedOperator): prediction_model> on 2024-10-12 08:17:47.239779+00:00
[2024-10-12T03:18:20.955-0500] {warnings.py:112} WARNING - /home/***/.local/lib/python3.12/site-packages/***/task/task_runner/standard_task_runner.py:62: DeprecationWarning: This process (pid=920) is multi-threaded, use of fork() may lead to deadlocks in the child.
  pid = os.fork()

[2024-10-12T03:18:20.957-0500] {standard_task_runner.py:64} INFO - Started process 921 to run task
[2024-10-12T03:18:20.957-0500] {standard_task_runner.py:90} INFO - Running: ['***', 'tasks', 'run', 'monitor_maintain_dag_v1_3', 'prediction_model', 'manual__2024-10-12T08:17:47.239779+00:00', '--job-id', '22', '--raw', '--subdir', 'DAGS_FOLDER/train/train_dag.py', '--cfg-path', '/tmp/tmpeyp3a3iy']
[2024-10-12T03:18:20.958-0500] {standard_task_runner.py:91} INFO - Job 22: Subtask prediction_model
[2024-10-12T03:18:21.016-0500] {task_command.py:426} INFO - Running <TaskInstance: monitor_maintain_dag_v1_3.prediction_model manual__2024-10-12T08:17:47.239779+00:00 [running]> on host 81d4b92477b0
[2024-10-12T03:18:21.123-0500] {taskinstance.py:2648} INFO - Exporting env vars: AIRFLOW_CTX_DAG_OWNER='***' AIRFLOW_CTX_DAG_ID='monitor_maintain_dag_v1_3' AIRFLOW_CTX_TASK_ID='prediction_model' AIRFLOW_CTX_EXECUTION_DATE='2024-10-12T08:17:47.239779+00:00' AIRFLOW_CTX_TRY_NUMBER='1' AIRFLOW_CTX_DAG_RUN_ID='manual__2024-10-12T08:17:47.239779+00:00'
[2024-10-12T03:18:21.125-0500] {taskinstance.py:430} INFO - ::endgroup::
[2024-10-12T03:18:21.128-0500] {process_utils.py:183} INFO - Executing cmd: /home/***/.local/bin/python -m virtualenv /tmp/venvk90b5yae --python=python
[2024-10-12T03:18:21.129-0500] {process_utils.py:187} INFO - Output:
[2024-10-12T03:18:22.481-0500] {process_utils.py:191} INFO - created virtual environment CPython3.12.4.final.0-64 in 366ms
[2024-10-12T03:18:22.482-0500] {process_utils.py:191} INFO -   creator CPython3Posix(dest=/tmp/venvk90b5yae, clear=False, no_vcs_ignore=False, global=False)
[2024-10-12T03:18:22.484-0500] {process_utils.py:191} INFO -   seeder FromAppData(download=False, pip=bundle, via=copy, app_data_dir=/home/***/.local/share/virtualenv)
[2024-10-12T03:18:22.485-0500] {process_utils.py:191} INFO -     added seed packages: pip==24.1
[2024-10-12T03:18:22.486-0500] {process_utils.py:191} INFO -   activators BashActivator,CShellActivator,FishActivator,NushellActivator,PowerShellActivator,PythonActivator
[2024-10-12T03:18:22.550-0500] {process_utils.py:183} INFO - Executing cmd: /tmp/venvk90b5yae/bin/pip install -r /tmp/venvk90b5yae/requirements.txt
[2024-10-12T03:18:22.551-0500] {process_utils.py:187} INFO - Output:
[2024-10-12T03:18:25.210-0500] {process_utils.py:191} INFO - Collecting joblib (from -r /tmp/venvk90b5yae/requirements.txt (line 1))
[2024-10-12T03:18:25.212-0500] {process_utils.py:191} INFO -   Using cached joblib-1.4.2-py3-none-any.whl.metadata (5.4 kB)
[2024-10-12T03:18:25.528-0500] {process_utils.py:191} INFO - Collecting numpy (from -r /tmp/venvk90b5yae/requirements.txt (line 2))
[2024-10-12T03:18:25.531-0500] {process_utils.py:191} INFO -   Using cached numpy-2.1.2-cp312-cp312-manylinux_2_17_x86_64.manylinux2014_x86_64.whl.metadata (60 kB)
[2024-10-12T03:18:25.804-0500] {process_utils.py:191} INFO - Collecting pandas (from -r /tmp/venvk90b5yae/requirements.txt (line 3))
[2024-10-12T03:18:25.806-0500] {process_utils.py:191} INFO -   Using cached pandas-2.2.3-cp312-cp312-manylinux_2_17_x86_64.manylinux2014_x86_64.whl.metadata (89 kB)
[2024-10-12T03:18:26.031-0500] {process_utils.py:191} INFO - Collecting scikit-learn (from -r /tmp/venvk90b5yae/requirements.txt (line 4))
[2024-10-12T03:18:26.033-0500] {process_utils.py:191} INFO -   Using cached scikit_learn-1.5.2-cp312-cp312-manylinux_2_17_x86_64.manylinux2014_x86_64.whl.metadata (13 kB)
[2024-10-12T03:18:26.131-0500] {process_utils.py:191} INFO - Collecting python-dateutil>=2.8.2 (from pandas->-r /tmp/venvk90b5yae/requirements.txt (line 3))
[2024-10-12T03:18:26.133-0500] {process_utils.py:191} INFO -   Using cached python_dateutil-2.9.0.post0-py2.py3-none-any.whl.metadata (8.4 kB)
[2024-10-12T03:18:26.247-0500] {process_utils.py:191} INFO - Collecting pytz>=2020.1 (from pandas->-r /tmp/venvk90b5yae/requirements.txt (line 3))
[2024-10-12T03:18:26.248-0500] {process_utils.py:191} INFO -   Using cached pytz-2024.2-py2.py3-none-any.whl.metadata (22 kB)
[2024-10-12T03:18:26.301-0500] {process_utils.py:191} INFO - Collecting tzdata>=2022.7 (from pandas->-r /tmp/venvk90b5yae/requirements.txt (line 3))
[2024-10-12T03:18:26.303-0500] {process_utils.py:191} INFO -   Using cached tzdata-2024.2-py2.py3-none-any.whl.metadata (1.4 kB)
[2024-10-12T03:18:26.486-0500] {process_utils.py:191} INFO - Collecting scipy>=1.6.0 (from scikit-learn->-r /tmp/venvk90b5yae/requirements.txt (line 4))
[2024-10-12T03:18:26.487-0500] {process_utils.py:191} INFO -   Using cached scipy-1.14.1-cp312-cp312-manylinux_2_17_x86_64.manylinux2014_x86_64.whl.metadata (60 kB)
[2024-10-12T03:18:26.553-0500] {process_utils.py:191} INFO - Collecting threadpoolctl>=3.1.0 (from scikit-learn->-r /tmp/venvk90b5yae/requirements.txt (line 4))
[2024-10-12T03:18:26.554-0500] {process_utils.py:191} INFO -   Using cached threadpoolctl-3.5.0-py3-none-any.whl.metadata (13 kB)
[2024-10-12T03:18:26.605-0500] {process_utils.py:191} INFO - Collecting six>=1.5 (from python-dateutil>=2.8.2->pandas->-r /tmp/venvk90b5yae/requirements.txt (line 3))
[2024-10-12T03:18:26.607-0500] {process_utils.py:191} INFO -   Using cached six-1.16.0-py2.py3-none-any.whl.metadata (1.8 kB)
[2024-10-12T03:18:26.625-0500] {process_utils.py:191} INFO - Using cached joblib-1.4.2-py3-none-any.whl (301 kB)
[2024-10-12T03:18:26.629-0500] {process_utils.py:191} INFO - Using cached numpy-2.1.2-cp312-cp312-manylinux_2_17_x86_64.manylinux2014_x86_64.whl (16.0 MB)
[2024-10-12T03:18:26.723-0500] {process_utils.py:191} INFO - Using cached pandas-2.2.3-cp312-cp312-manylinux_2_17_x86_64.manylinux2014_x86_64.whl (12.7 MB)
[2024-10-12T03:18:26.774-0500] {process_utils.py:191} INFO - Using cached scikit_learn-1.5.2-cp312-cp312-manylinux_2_17_x86_64.manylinux2014_x86_64.whl (12.9 MB)
[2024-10-12T03:18:26.816-0500] {process_utils.py:191} INFO - Using cached python_dateutil-2.9.0.post0-py2.py3-none-any.whl (229 kB)
[2024-10-12T03:18:26.818-0500] {process_utils.py:191} INFO - Using cached pytz-2024.2-py2.py3-none-any.whl (508 kB)
[2024-10-12T03:18:26.821-0500] {process_utils.py:191} INFO - Using cached scipy-1.14.1-cp312-cp312-manylinux_2_17_x86_64.manylinux2014_x86_64.whl (40.8 MB)
[2024-10-12T03:18:26.926-0500] {process_utils.py:191} INFO - Using cached threadpoolctl-3.5.0-py3-none-any.whl (18 kB)
[2024-10-12T03:18:26.928-0500] {process_utils.py:191} INFO - Using cached tzdata-2024.2-py2.py3-none-any.whl (346 kB)
[2024-10-12T03:18:26.930-0500] {process_utils.py:191} INFO - Using cached six-1.16.0-py2.py3-none-any.whl (11 kB)
[2024-10-12T03:18:27.338-0500] {process_utils.py:191} INFO - Installing collected packages: pytz, tzdata, threadpoolctl, six, numpy, joblib, scipy, python-dateutil, scikit-learn, pandas
[2024-10-12T03:19:12.602-0500] {process_utils.py:191} INFO - Successfully installed joblib-1.4.2 numpy-2.1.2 pandas-2.2.3 python-dateutil-2.9.0.post0 pytz-2024.2 scikit-learn-1.5.2 scipy-1.14.1 six-1.16.0 threadpoolctl-3.5.0 tzdata-2024.2
[2024-10-12T03:19:12.863-0500] {process_utils.py:191} INFO - 
[2024-10-12T03:19:12.864-0500] {process_utils.py:191} INFO - [notice] A new release of pip is available: 24.1 -> 24.2
[2024-10-12T03:19:12.865-0500] {process_utils.py:191} INFO - [notice] To update, run: python -m pip install --upgrade pip
[2024-10-12T03:19:13.107-0500] {process_utils.py:183} INFO - Executing cmd: /tmp/venvk90b5yae/bin/python /tmp/venv-callt72w9fvz/script.py /tmp/venv-callt72w9fvz/script.in /tmp/venv-callt72w9fvz/script.out /tmp/venv-callt72w9fvz/string_args.txt /tmp/venv-callt72w9fvz/termination.log
[2024-10-12T03:19:13.109-0500] {process_utils.py:187} INFO - Output:
[2024-10-12T03:19:14.642-0500] {process_utils.py:191} INFO - Predicción Generada
[2024-10-12T03:19:15.166-0500] {python.py:237} INFO - Done. Returned value was:  prediction
   0.798351
   0.019257
   0.435828
   0.296227
   0.985552
   1.133945
   1.133945
   1.209268
   1.186779
   1.048134
   0.019257
   0.835784
   0.543515
   1.186779
   1.007428
   1.272270
   0.595074
   0.624627
   0.544127
   0.179779
   1.186779
   0.296227
   0.464960
   0.497454
   0.939491
   0.887612
   0.435828
   0.617884
   1.026257
   1.093239
   0.536303
   0.179779
   0.059962
   0.823043
   0.635481
   0.220484
   1.133945
   1.026257
   0.220484
   0.871252
   0.357272
   0.179779
   0.761714
   1.186779
   0.815444
   0.179779
   0.179779
   0.180391
   0.220484
   1.186779
   1.164582
   0.179779
   0.782337
   0.304438
   1.186779
   0.977403
   0.729633
   0.497454
   0.328784
   0.637216
   0.426403
   0.072091
   0.266544
   0.179779
   0.019257
   0.537861
   1.026257
   0.985552
   1.186779
   0.296227
   0.931343
   0.179779
   0.423400
   0.899741
   0.244347
   1.133945
   0.583922
   0.910421
   0.583922
   1.123877
   1.187392
   0.931343
   0.179779
   0.571793
   0.157582
   0.909809
   0.340913
   0.019257
   0.869103
   0.179779
   0.823655
   0.456749
   1.133945
   0.179779
   0.674650
   0.571793
   0.456749
   0.543515
   0.954594
   0.806499
   0.871252
   0.426403
   0.328784
   0.179779
   0.179779
   0.318104
   0.179779
   0.550450
   0.782950
   0.072091
   0.179779
   0.220484
   0.876490
   0.296227
   0.729633
   0.985552
   0.543515
   0.221096
   1.186779
   0.180391
   0.019257
   0.179779
   0.179779
   1.123877
   0.340913
   0.019257
   0.266544
   0.072091
   1.026257
   1.026257
   0.456749
   0.404869
   1.164582
   0.708581
   0.543515
   0.887612
   0.457362
   1.209268
   0.931343
   0.456749
   0.909809
   0.179779
   0.729633
   0.340913
   0.106022
   0.220484
   0.158857
   0.835784
   0.179779
   0.340913
   0.180391
   0.435828
   0.953157
   0.761998
   1.186779
   1.146686
   1.038386
   1.060875
   1.164582
   0.835784
   0.179779
   0.106022
   1.164582
   0.464960
   0.538474
   0.985552
   1.186779
   0.815444
   0.220484
   1.026257
   0.019257
   0.444038
   1.231564
   1.130651
   0.909809
   0.457362
   0.456749
   0.823043
   0.912452
   0.912452
   0.722860
   0.984177
   0.887612
   0.715355
   0.179779
   0.106022
   0.019257
   1.008041
   0.902210
   1.209268
   1.164582
   0.823043
   1.346638
   0.180391
   1.038386
   0.984177
   1.231564
   0.220484
   1.164582
   0.621815
   1.079092
   0.179779
   0.890637
   0.059962
   0.435828
   1.026257
   0.761998
   1.007428
   0.729801
   0.729633
   0.543515
   0.179779
   0.296227
   0.483468
   1.014815
   1.026257
   0.157582
   0.710118
   0.179779
   0.404869
   0.179779
   0.423400
   0.179779
   0.106022
   1.186779
   0.910421
   1.164582
   0.814832
   0.484743
   1.186779
   0.902210
   0.921573
   1.026257
   0.729633
   1.059308
   0.816269
   0.550603
   0.497454
   0.423400
   0.381618
   0.019257
   0.483468
   0.179779
   0.328784
   0.435828
   0.019257
   0.318104
   0.019257
   0.179779
   0.179779
   0.497454
   0.296227
   1.186779
   0.371550
   0.179779
   0.497454
   0.626094
   0.456749
   0.537861
   0.179779
   0.180391
   0.484743
   0.019257
   0.985552
   1.079092
   0.761998
   0.179779
   1.156434
   0.940446
   0.435828
   0.072091
   0.359421
   0.474959
   0.266544
   1.093239
   0.513169
   0.179779
   0.953157
   0.497769
   1.048134
   1.186779
   0.782950
   0.179779
   0.179779
   1.325104
   1.164582
   1.168563
   1.197633
   0.179779
   0.674650
   0.626094
   0.474959
   0.931343
   0.106022
   0.019257
   0.543515
   0.985552
   0.722860
   1.133945
   1.079092
   1.059308
   1.186779
   0.019257
   0.674650
   0.019257
   0.106022
   0.800846
   0.543515
   0.423400
   0.823655
   1.059308
   0.019257
   0.340913
   0.887612
   0.583922
   0.233225
   0.423698
   0.543515
   0.233225
   0.456749
   0.157582
   0.266544
   0.836083
   0.869103
   0.019257
   0.179779
   0.019257
   1.186779
   0.019257
   0.749287
   0.710118
   0.637216
   1.059308
   0.019257
   0.179779
   1.186779
   0.497454
   0.912452
   0.484743
   1.014815
   0.019257
   0.775694
   0.179779
   0.179779
   1.346638
   1.346638
   0.497769
   1.133945
   0.357272
   1.209268
   0.266544
   0.296227
   0.784203
   0.921573
   1.059308
   1.164582
   0.180391
   0.019257
   0.931343
   0.711585
   0.806499
   1.014815
   0.220484
   0.179779
   1.186779
   0.954594
   0.304438
   1.026257
   0.106022
   0.729633
   0.106022
   1.038386
   1.133945
   1.164582
   0.328784
   1.164582
   0.985552
   0.856974
   0.538474
   1.079092
   0.179779
   0.179779
   0.404869
   1.164582
   1.217417
   1.059308
   0.072091
   0.340913
   0.538474
   0.220484
   0.019257
   0.909809
   1.164582
   0.474959
   0.179779
   0.126944
   1.164582
   0.019257
   0.909809
   1.186779
   1.130651
   0.573260
   0.179779
   0.404869
   0.179779
   0.126944
   0.749287
   1.059308
   0.179779
   0.583922
   0.328784
   0.423400
   0.233225
   0.624627
   0.909809
   0.474959
   0.856974
   0.180391
   0.456749
   0.985552
   0.538474
   1.164582
   0.072091
   1.186779
   0.743781
   0.106022
   0.423698
   0.729503
   0.708880
   1.048746
   0.484743
   0.328784
   0.318104
   0.775694
   0.782337
   0.179779
   0.806499
   0.456749
   1.026257
   0.336932
   0.848763
   1.014815
   0.985552
   0.423400
   0.457362
   1.130651
   0.715355
   0.869716
   0.126944
   0.497454
   0.336634
   1.026257
   0.179779
   1.186779
   0.456749
   1.186779
   0.019257
   1.026257
   1.026257
   0.179779
   0.179779
   0.179779
   0.484743
   0.220484
   0.357272
   0.456749
   1.028962
   0.823043
[2024-10-12T03:19:15.167-0500] {taskinstance.py:441} INFO - ::group::Post task execution logs
[2024-10-12T03:19:15.202-0500] {taskinstance.py:1206} INFO - Marking task as SUCCESS. dag_id=monitor_maintain_dag_v1_3, task_id=prediction_model, run_id=manual__2024-10-12T08:17:47.239779+00:00, execution_date=20241012T081747, start_date=20241012T081820, end_date=20241012T081915
[2024-10-12T03:19:15.264-0500] {local_task_job_runner.py:243} INFO - Task exited with return code 0
[2024-10-12T03:19:15.305-0500] {taskinstance.py:3503} INFO - 1 downstream tasks scheduled from follow-on schedule check
[2024-10-12T03:19:15.320-0500] {local_task_job_runner.py:222} INFO - ::endgroup::
