[2024-10-12T02:44:10.545-0500] {local_task_job_runner.py:120} INFO - ::group::Pre task execution logs
[2024-10-12T02:44:11.679-0500] {taskinstance.py:2076} INFO - Dependencies all met for dep_context=non-requeueable deps ti=<TaskInstance: train_dag.train_model manual__2024-10-12T07:44:01.349127+00:00 [queued]>
[2024-10-12T02:44:11.711-0500] {taskinstance.py:2076} INFO - Dependencies all met for dep_context=requeueable deps ti=<TaskInstance: train_dag.train_model manual__2024-10-12T07:44:01.349127+00:00 [queued]>
[2024-10-12T02:44:11.712-0500] {taskinstance.py:2306} INFO - Starting attempt 1 of 2
[2024-10-12T02:44:11.768-0500] {taskinstance.py:2330} INFO - Executing <Task(_PythonVirtualenvDecoratedOperator): train_model> on 2024-10-12 07:44:01.349127+00:00
[2024-10-12T02:44:11.784-0500] {warnings.py:112} WARNING - /home/***/.local/lib/python3.12/site-packages/***/task/task_runner/standard_task_runner.py:62: DeprecationWarning: This process (pid=163) is multi-threaded, use of fork() may lead to deadlocks in the child.
  pid = os.fork()

[2024-10-12T02:44:11.787-0500] {standard_task_runner.py:90} INFO - Running: ['***', 'tasks', 'run', 'train_dag', 'train_model', 'manual__2024-10-12T07:44:01.349127+00:00', '--job-id', '13', '--raw', '--subdir', 'DAGS_FOLDER/train/train_dag.py', '--cfg-path', '/tmp/tmp_5apukyk']
[2024-10-12T02:44:11.790-0500] {standard_task_runner.py:64} INFO - Started process 164 to run task
[2024-10-12T02:44:11.791-0500] {standard_task_runner.py:91} INFO - Job 13: Subtask train_model
[2024-10-12T02:44:11.903-0500] {task_command.py:426} INFO - Running <TaskInstance: train_dag.train_model manual__2024-10-12T07:44:01.349127+00:00 [running]> on host 81d4b92477b0
[2024-10-12T02:44:12.092-0500] {taskinstance.py:2648} INFO - Exporting env vars: AIRFLOW_CTX_DAG_OWNER='***' AIRFLOW_CTX_DAG_ID='train_dag' AIRFLOW_CTX_TASK_ID='train_model' AIRFLOW_CTX_EXECUTION_DATE='2024-10-12T07:44:01.349127+00:00' AIRFLOW_CTX_TRY_NUMBER='1' AIRFLOW_CTX_DAG_RUN_ID='manual__2024-10-12T07:44:01.349127+00:00'
[2024-10-12T02:44:12.096-0500] {taskinstance.py:430} INFO - ::endgroup::
[2024-10-12T02:44:12.106-0500] {process_utils.py:183} INFO - Executing cmd: /home/***/.local/bin/python -m virtualenv /tmp/venv7vkrcfgv --python=python
[2024-10-12T02:44:12.115-0500] {process_utils.py:187} INFO - Output:
[2024-10-12T02:44:15.849-0500] {process_utils.py:191} INFO - created virtual environment CPython3.12.4.final.0-64 in 2080ms
[2024-10-12T02:44:15.850-0500] {process_utils.py:191} INFO -   creator CPython3Posix(dest=/tmp/venv7vkrcfgv, clear=False, no_vcs_ignore=False, global=False)
[2024-10-12T02:44:15.852-0500] {process_utils.py:191} INFO -   seeder FromAppData(download=False, pip=bundle, via=copy, app_data_dir=/home/***/.local/share/virtualenv)
[2024-10-12T02:44:15.853-0500] {process_utils.py:191} INFO -     added seed packages: pip==24.1
[2024-10-12T02:44:15.854-0500] {process_utils.py:191} INFO -   activators BashActivator,CShellActivator,FishActivator,NushellActivator,PowerShellActivator,PythonActivator
[2024-10-12T02:44:15.916-0500] {process_utils.py:183} INFO - Executing cmd: /tmp/venv7vkrcfgv/bin/pip install -r /tmp/venv7vkrcfgv/requirements.txt
[2024-10-12T02:44:15.918-0500] {process_utils.py:187} INFO - Output:
[2024-10-12T02:44:19.597-0500] {process_utils.py:191} INFO - Collecting joblib (from -r /tmp/venv7vkrcfgv/requirements.txt (line 1))
[2024-10-12T02:44:19.732-0500] {process_utils.py:191} INFO -   Downloading joblib-1.4.2-py3-none-any.whl.metadata (5.4 kB)
[2024-10-12T02:44:20.256-0500] {process_utils.py:191} INFO - Collecting numpy (from -r /tmp/venv7vkrcfgv/requirements.txt (line 2))
[2024-10-12T02:44:20.287-0500] {process_utils.py:191} INFO -   Downloading numpy-2.1.2-cp312-cp312-manylinux_2_17_x86_64.manylinux2014_x86_64.whl.metadata (60 kB)
[2024-10-12T02:44:20.451-0500] {process_utils.py:191} INFO -      ━━━━━━━━━━━━━━━━━━━━━━━━━━━━━━━━━━━━━━━ 60.9/60.9 kB 321.9 kB/s eta 0:00:00
[2024-10-12T02:44:20.873-0500] {process_utils.py:191} INFO - Collecting pandas (from -r /tmp/venv7vkrcfgv/requirements.txt (line 3))
[2024-10-12T02:44:20.911-0500] {process_utils.py:191} INFO -   Downloading pandas-2.2.3-cp312-cp312-manylinux_2_17_x86_64.manylinux2014_x86_64.whl.metadata (89 kB)
[2024-10-12T02:44:21.031-0500] {process_utils.py:191} INFO -      ━━━━━━━━━━━━━━━━━━━━━━━━━━━━━━━━━━━━━━━ 89.9/89.9 kB 706.0 kB/s eta 0:00:00
[2024-10-12T02:44:21.398-0500] {process_utils.py:191} INFO - Collecting scikit-learn (from -r /tmp/venv7vkrcfgv/requirements.txt (line 4))
[2024-10-12T02:44:21.402-0500] {process_utils.py:191} INFO -   Using cached scikit_learn-1.5.2-cp312-cp312-manylinux_2_17_x86_64.manylinux2014_x86_64.whl.metadata (13 kB)
[2024-10-12T02:44:21.514-0500] {process_utils.py:191} INFO - Collecting python-dateutil>=2.8.2 (from pandas->-r /tmp/venv7vkrcfgv/requirements.txt (line 3))
[2024-10-12T02:44:21.576-0500] {process_utils.py:191} INFO -   Downloading python_dateutil-2.9.0.post0-py2.py3-none-any.whl.metadata (8.4 kB)
[2024-10-12T02:44:21.767-0500] {process_utils.py:191} INFO - Collecting pytz>=2020.1 (from pandas->-r /tmp/venv7vkrcfgv/requirements.txt (line 3))
[2024-10-12T02:44:21.808-0500] {process_utils.py:191} INFO -   Downloading pytz-2024.2-py2.py3-none-any.whl.metadata (22 kB)
[2024-10-12T02:44:21.888-0500] {process_utils.py:191} INFO - Collecting tzdata>=2022.7 (from pandas->-r /tmp/venv7vkrcfgv/requirements.txt (line 3))
[2024-10-12T02:44:21.923-0500] {process_utils.py:191} INFO -   Downloading tzdata-2024.2-py2.py3-none-any.whl.metadata (1.4 kB)
[2024-10-12T02:44:22.175-0500] {process_utils.py:191} INFO - Collecting scipy>=1.6.0 (from scikit-learn->-r /tmp/venv7vkrcfgv/requirements.txt (line 4))
[2024-10-12T02:44:22.179-0500] {process_utils.py:191} INFO -   Using cached scipy-1.14.1-cp312-cp312-manylinux_2_17_x86_64.manylinux2014_x86_64.whl.metadata (60 kB)
[2024-10-12T02:44:22.256-0500] {process_utils.py:191} INFO - Collecting threadpoolctl>=3.1.0 (from scikit-learn->-r /tmp/venv7vkrcfgv/requirements.txt (line 4))
[2024-10-12T02:44:22.259-0500] {process_utils.py:191} INFO -   Using cached threadpoolctl-3.5.0-py3-none-any.whl.metadata (13 kB)
[2024-10-12T02:44:22.327-0500] {process_utils.py:191} INFO - Collecting six>=1.5 (from python-dateutil>=2.8.2->pandas->-r /tmp/venv7vkrcfgv/requirements.txt (line 3))
[2024-10-12T02:44:22.357-0500] {process_utils.py:191} INFO -   Downloading six-1.16.0-py2.py3-none-any.whl.metadata (1.8 kB)
[2024-10-12T02:44:22.455-0500] {process_utils.py:191} INFO - Downloading joblib-1.4.2-py3-none-any.whl (301 kB)
[2024-10-12T02:44:22.584-0500] {process_utils.py:191} INFO -    ━━━━━━━━━━━━━━━━━━━━━━━━━━━━━━━━━━━━━━━━ 301.8/301.8 kB 2.3 MB/s eta 0:00:00
[2024-10-12T02:44:22.629-0500] {process_utils.py:191} INFO - Downloading numpy-2.1.2-cp312-cp312-manylinux_2_17_x86_64.manylinux2014_x86_64.whl (16.0 MB)
[2024-10-12T02:44:32.880-0500] {process_utils.py:191} INFO -    ━━━━━━━━━━━━━━━━━━━━━━━━━━━━━━━━━━━━━━━━ 16.0/16.0 MB 1.2 MB/s eta 0:00:00
[2024-10-12T02:44:32.923-0500] {process_utils.py:191} INFO - Downloading pandas-2.2.3-cp312-cp312-manylinux_2_17_x86_64.manylinux2014_x86_64.whl (12.7 MB)
[2024-10-12T02:44:39.959-0500] {process_utils.py:191} INFO -    ━━━━━━━━━━━━━━━━━━━━━━━━━━━━━━━━━━━━━━━━ 12.7/12.7 MB 1.7 MB/s eta 0:00:00
[2024-10-12T02:44:39.964-0500] {process_utils.py:191} INFO - Using cached scikit_learn-1.5.2-cp312-cp312-manylinux_2_17_x86_64.manylinux2014_x86_64.whl (12.9 MB)
[2024-10-12T02:44:40.559-0500] {process_utils.py:191} INFO - Downloading python_dateutil-2.9.0.post0-py2.py3-none-any.whl (229 kB)
[2024-10-12T02:44:40.659-0500] {process_utils.py:191} INFO -    ━━━━━━━━━━━━━━━━━━━━━━━━━━━━━━━━━━━━━━━━ 229.9/229.9 kB 2.3 MB/s eta 0:00:00
[2024-10-12T02:44:40.691-0500] {process_utils.py:191} INFO - Downloading pytz-2024.2-py2.py3-none-any.whl (508 kB)
[2024-10-12T02:44:41.114-0500] {process_utils.py:191} INFO -    ━━━━━━━━━━━━━━━━━━━━━━━━━━━━━━━━━━━━━━━━ 508.0/508.0 kB 1.2 MB/s eta 0:00:00
[2024-10-12T02:44:41.136-0500] {process_utils.py:191} INFO - Using cached scipy-1.14.1-cp312-cp312-manylinux_2_17_x86_64.manylinux2014_x86_64.whl (40.8 MB)
[2024-10-12T02:44:46.086-0500] {process_utils.py:191} INFO - Using cached threadpoolctl-3.5.0-py3-none-any.whl (18 kB)
[2024-10-12T02:44:46.121-0500] {process_utils.py:191} INFO - Downloading tzdata-2024.2-py2.py3-none-any.whl (346 kB)
[2024-10-12T02:44:46.262-0500] {process_utils.py:191} INFO -    ━━━━━━━━━━━━━━━━━━━━━━━━━━━━━━━━━━━━━━━━ 346.6/346.6 kB 2.5 MB/s eta 0:00:00
[2024-10-12T02:44:46.291-0500] {process_utils.py:191} INFO - Downloading six-1.16.0-py2.py3-none-any.whl (11 kB)
[2024-10-12T02:44:46.955-0500] {process_utils.py:191} INFO - Installing collected packages: pytz, tzdata, threadpoolctl, six, numpy, joblib, scipy, python-dateutil, scikit-learn, pandas
[2024-10-12T02:45:48.032-0500] {process_utils.py:191} INFO - Successfully installed joblib-1.4.2 numpy-2.1.2 pandas-2.2.3 python-dateutil-2.9.0.post0 pytz-2024.2 scikit-learn-1.5.2 scipy-1.14.1 six-1.16.0 threadpoolctl-3.5.0 tzdata-2024.2
[2024-10-12T02:45:48.273-0500] {process_utils.py:191} INFO - 
[2024-10-12T02:45:48.273-0500] {process_utils.py:191} INFO - [notice] A new release of pip is available: 24.1 -> 24.2
[2024-10-12T02:45:48.274-0500] {process_utils.py:191} INFO - [notice] To update, run: python -m pip install --upgrade pip
[2024-10-12T02:45:48.571-0500] {process_utils.py:183} INFO - Executing cmd: /tmp/venv7vkrcfgv/bin/python /tmp/venv-callskq8jk6m/script.py /tmp/venv-callskq8jk6m/script.in /tmp/venv-callskq8jk6m/script.out /tmp/venv-callskq8jk6m/string_args.txt /tmp/venv-callskq8jk6m/termination.log
[2024-10-12T02:45:48.573-0500] {process_utils.py:187} INFO - Output:
[2024-10-12T02:45:50.356-0500] {process_utils.py:191} INFO - Modelo Guardado
[2024-10-12T02:45:50.903-0500] {python.py:237} INFO - Done. Returned value was: None
[2024-10-12T02:45:50.904-0500] {taskinstance.py:441} INFO - ::group::Post task execution logs
[2024-10-12T02:45:50.928-0500] {taskinstance.py:1206} INFO - Marking task as SUCCESS. dag_id=train_dag, task_id=train_model, run_id=manual__2024-10-12T07:44:01.349127+00:00, execution_date=20241012T074401, start_date=20241012T074411, end_date=20241012T074550
[2024-10-12T02:45:50.991-0500] {local_task_job_runner.py:243} INFO - Task exited with return code 0
[2024-10-12T02:45:51.039-0500] {taskinstance.py:3503} INFO - 1 downstream tasks scheduled from follow-on schedule check
[2024-10-12T02:45:51.041-0500] {local_task_job_runner.py:222} INFO - ::endgroup::
