[2024-10-12T04:39:07.990-0500] {local_task_job_runner.py:120} INFO - ::group::Pre task execution logs
[2024-10-12T04:39:08.022-0500] {taskinstance.py:2076} INFO - Dependencies all met for dep_context=non-requeueable deps ti=<TaskInstance: pred_moni.monitoring_model manual__2024-10-12T09:38:21.713818+00:00 [queued]>
[2024-10-12T04:39:08.031-0500] {taskinstance.py:2076} INFO - Dependencies all met for dep_context=requeueable deps ti=<TaskInstance: pred_moni.monitoring_model manual__2024-10-12T09:38:21.713818+00:00 [queued]>
[2024-10-12T04:39:08.032-0500] {taskinstance.py:2306} INFO - Starting attempt 1 of 2
[2024-10-12T04:39:08.047-0500] {taskinstance.py:2330} INFO - Executing <Task(_PythonVirtualenvDecoratedOperator): monitoring_model> on 2024-10-12 09:38:21.713818+00:00
[2024-10-12T04:39:08.053-0500] {warnings.py:112} WARNING - /home/***/.local/lib/python3.12/site-packages/***/task/task_runner/standard_task_runner.py:62: DeprecationWarning: This process (pid=152) is multi-threaded, use of fork() may lead to deadlocks in the child.
  pid = os.fork()

[2024-10-12T04:39:08.054-0500] {standard_task_runner.py:90} INFO - Running: ['***', 'tasks', 'run', 'pred_moni', 'monitoring_model', 'manual__2024-10-12T09:38:21.713818+00:00', '--job-id', '45', '--raw', '--subdir', 'DAGS_FOLDER/train/train_dag.py', '--cfg-path', '/tmp/tmp2jzga4_0']
[2024-10-12T04:39:08.055-0500] {standard_task_runner.py:64} INFO - Started process 153 to run task
[2024-10-12T04:39:08.055-0500] {standard_task_runner.py:91} INFO - Job 45: Subtask monitoring_model
[2024-10-12T04:39:08.101-0500] {task_command.py:426} INFO - Running <TaskInstance: pred_moni.monitoring_model manual__2024-10-12T09:38:21.713818+00:00 [running]> on host 9f5514a2a604
[2024-10-12T04:39:08.218-0500] {taskinstance.py:2648} INFO - Exporting env vars: AIRFLOW_CTX_DAG_OWNER='***' AIRFLOW_CTX_DAG_ID='pred_moni' AIRFLOW_CTX_TASK_ID='monitoring_model' AIRFLOW_CTX_EXECUTION_DATE='2024-10-12T09:38:21.713818+00:00' AIRFLOW_CTX_TRY_NUMBER='1' AIRFLOW_CTX_DAG_RUN_ID='manual__2024-10-12T09:38:21.713818+00:00'
[2024-10-12T04:39:08.220-0500] {taskinstance.py:430} INFO - ::endgroup::
[2024-10-12T04:39:08.223-0500] {process_utils.py:183} INFO - Executing cmd: /home/***/.local/bin/python -m virtualenv /tmp/venvy_p407r7 --python=python
[2024-10-12T04:39:08.224-0500] {process_utils.py:187} INFO - Output:
[2024-10-12T04:39:09.009-0500] {process_utils.py:191} INFO - created virtual environment CPython3.12.4.final.0-64 in 222ms
[2024-10-12T04:39:09.009-0500] {process_utils.py:191} INFO -   creator CPython3Posix(dest=/tmp/venvy_p407r7, clear=False, no_vcs_ignore=False, global=False)
[2024-10-12T04:39:09.010-0500] {process_utils.py:191} INFO -   seeder FromAppData(download=False, pip=bundle, via=copy, app_data_dir=/home/***/.local/share/virtualenv)
[2024-10-12T04:39:09.011-0500] {process_utils.py:191} INFO -     added seed packages: pip==24.1
[2024-10-12T04:39:09.011-0500] {process_utils.py:191} INFO -   activators BashActivator,CShellActivator,FishActivator,NushellActivator,PowerShellActivator,PythonActivator
[2024-10-12T04:39:09.038-0500] {process_utils.py:183} INFO - Executing cmd: /tmp/venvy_p407r7/bin/pip install -r /tmp/venvy_p407r7/requirements.txt
[2024-10-12T04:39:09.039-0500] {process_utils.py:187} INFO - Output:
[2024-10-12T04:39:10.757-0500] {process_utils.py:191} INFO - Collecting joblib (from -r /tmp/venvy_p407r7/requirements.txt (line 1))
[2024-10-12T04:39:10.759-0500] {process_utils.py:191} INFO -   Using cached joblib-1.4.2-py3-none-any.whl.metadata (5.4 kB)
[2024-10-12T04:39:11.024-0500] {process_utils.py:191} INFO - Collecting numpy (from -r /tmp/venvy_p407r7/requirements.txt (line 2))
[2024-10-12T04:39:11.025-0500] {process_utils.py:191} INFO -   Using cached numpy-2.1.2-cp312-cp312-manylinux_2_17_x86_64.manylinux2014_x86_64.whl.metadata (60 kB)
[2024-10-12T04:39:11.250-0500] {process_utils.py:191} INFO - Collecting pandas (from -r /tmp/venvy_p407r7/requirements.txt (line 3))
[2024-10-12T04:39:11.251-0500] {process_utils.py:191} INFO -   Using cached pandas-2.2.3-cp312-cp312-manylinux_2_17_x86_64.manylinux2014_x86_64.whl.metadata (89 kB)
[2024-10-12T04:39:11.455-0500] {process_utils.py:191} INFO - Collecting scikit-learn (from -r /tmp/venvy_p407r7/requirements.txt (line 4))
[2024-10-12T04:39:11.456-0500] {process_utils.py:191} INFO -   Using cached scikit_learn-1.5.2-cp312-cp312-manylinux_2_17_x86_64.manylinux2014_x86_64.whl.metadata (13 kB)
[2024-10-12T04:39:11.547-0500] {process_utils.py:191} INFO - Collecting python-dateutil>=2.8.2 (from pandas->-r /tmp/venvy_p407r7/requirements.txt (line 3))
[2024-10-12T04:39:11.549-0500] {process_utils.py:191} INFO -   Using cached python_dateutil-2.9.0.post0-py2.py3-none-any.whl.metadata (8.4 kB)
[2024-10-12T04:39:11.650-0500] {process_utils.py:191} INFO - Collecting pytz>=2020.1 (from pandas->-r /tmp/venvy_p407r7/requirements.txt (line 3))
[2024-10-12T04:39:11.651-0500] {process_utils.py:191} INFO -   Using cached pytz-2024.2-py2.py3-none-any.whl.metadata (22 kB)
[2024-10-12T04:39:11.719-0500] {process_utils.py:191} INFO - Collecting tzdata>=2022.7 (from pandas->-r /tmp/venvy_p407r7/requirements.txt (line 3))
[2024-10-12T04:39:11.720-0500] {process_utils.py:191} INFO -   Using cached tzdata-2024.2-py2.py3-none-any.whl.metadata (1.4 kB)
[2024-10-12T04:39:11.928-0500] {process_utils.py:191} INFO - Collecting scipy>=1.6.0 (from scikit-learn->-r /tmp/venvy_p407r7/requirements.txt (line 4))
[2024-10-12T04:39:11.930-0500] {process_utils.py:191} INFO -   Using cached scipy-1.14.1-cp312-cp312-manylinux_2_17_x86_64.manylinux2014_x86_64.whl.metadata (60 kB)
[2024-10-12T04:39:12.022-0500] {process_utils.py:191} INFO - Collecting threadpoolctl>=3.1.0 (from scikit-learn->-r /tmp/venvy_p407r7/requirements.txt (line 4))
[2024-10-12T04:39:12.024-0500] {process_utils.py:191} INFO -   Using cached threadpoolctl-3.5.0-py3-none-any.whl.metadata (13 kB)
[2024-10-12T04:39:12.094-0500] {process_utils.py:191} INFO - Collecting six>=1.5 (from python-dateutil>=2.8.2->pandas->-r /tmp/venvy_p407r7/requirements.txt (line 3))
[2024-10-12T04:39:12.096-0500] {process_utils.py:191} INFO -   Using cached six-1.16.0-py2.py3-none-any.whl.metadata (1.8 kB)
[2024-10-12T04:39:12.119-0500] {process_utils.py:191} INFO - Using cached joblib-1.4.2-py3-none-any.whl (301 kB)
[2024-10-12T04:39:12.122-0500] {process_utils.py:191} INFO - Using cached numpy-2.1.2-cp312-cp312-manylinux_2_17_x86_64.manylinux2014_x86_64.whl (16.0 MB)
[2024-10-12T04:39:12.209-0500] {process_utils.py:191} INFO - Using cached pandas-2.2.3-cp312-cp312-manylinux_2_17_x86_64.manylinux2014_x86_64.whl (12.7 MB)
[2024-10-12T04:39:12.323-0500] {process_utils.py:191} INFO - Using cached scikit_learn-1.5.2-cp312-cp312-manylinux_2_17_x86_64.manylinux2014_x86_64.whl (12.9 MB)
[2024-10-12T04:39:12.403-0500] {process_utils.py:191} INFO - Using cached python_dateutil-2.9.0.post0-py2.py3-none-any.whl (229 kB)
[2024-10-12T04:39:12.408-0500] {process_utils.py:191} INFO - Using cached pytz-2024.2-py2.py3-none-any.whl (508 kB)
[2024-10-12T04:39:12.414-0500] {process_utils.py:191} INFO - Using cached scipy-1.14.1-cp312-cp312-manylinux_2_17_x86_64.manylinux2014_x86_64.whl (40.8 MB)
[2024-10-12T04:39:12.534-0500] {process_utils.py:191} INFO - Using cached threadpoolctl-3.5.0-py3-none-any.whl (18 kB)
[2024-10-12T04:39:12.535-0500] {process_utils.py:191} INFO - Using cached tzdata-2024.2-py2.py3-none-any.whl (346 kB)
[2024-10-12T04:39:12.537-0500] {process_utils.py:191} INFO - Using cached six-1.16.0-py2.py3-none-any.whl (11 kB)
[2024-10-12T04:39:12.872-0500] {process_utils.py:191} INFO - Installing collected packages: pytz, tzdata, threadpoolctl, six, numpy, joblib, scipy, python-dateutil, scikit-learn, pandas
[2024-10-12T04:39:38.833-0500] {process_utils.py:191} INFO - Successfully installed joblib-1.4.2 numpy-2.1.2 pandas-2.2.3 python-dateutil-2.9.0.post0 pytz-2024.2 scikit-learn-1.5.2 scipy-1.14.1 six-1.16.0 threadpoolctl-3.5.0 tzdata-2024.2
[2024-10-12T04:39:39.078-0500] {process_utils.py:191} INFO - 
[2024-10-12T04:39:39.079-0500] {process_utils.py:191} INFO - [notice] A new release of pip is available: 24.1 -> 24.2
[2024-10-12T04:39:39.080-0500] {process_utils.py:191} INFO - [notice] To update, run: python -m pip install --upgrade pip
[2024-10-12T04:39:39.309-0500] {process_utils.py:183} INFO - Executing cmd: /tmp/venvy_p407r7/bin/python /tmp/venv-calljwwvbvqi/script.py /tmp/venv-calljwwvbvqi/script.in /tmp/venv-calljwwvbvqi/script.out /tmp/venv-calljwwvbvqi/string_args.txt /tmp/venv-calljwwvbvqi/termination.log
[2024-10-12T04:39:39.310-0500] {process_utils.py:187} INFO - Output:
[2024-10-12T04:39:41.316-0500] {process_utils.py:191} INFO - Monitoreo Completado
[2024-10-12T04:39:41.956-0500] {python.py:237} INFO - Done. Returned value was: None
[2024-10-12T04:39:41.956-0500] {taskinstance.py:441} INFO - ::group::Post task execution logs
[2024-10-12T04:39:41.966-0500] {taskinstance.py:1206} INFO - Marking task as SUCCESS. dag_id=pred_moni, task_id=monitoring_model, run_id=manual__2024-10-12T09:38:21.713818+00:00, execution_date=20241012T093821, start_date=20241012T093908, end_date=20241012T093941
[2024-10-12T04:39:42.002-0500] {local_task_job_runner.py:243} INFO - Task exited with return code 0
[2024-10-12T04:39:42.019-0500] {taskinstance.py:3503} INFO - 0 downstream tasks scheduled from follow-on schedule check
[2024-10-12T04:39:42.022-0500] {local_task_job_runner.py:222} INFO - ::endgroup::
