[2024-10-12T00:16:03.270-0500] {processor.py:161} INFO - Started process (PID=71) to work on /opt/airflow/dags/03_third_dag/taskflow_dag_v1-2.py
[2024-10-12T00:16:03.273-0500] {processor.py:830} INFO - Processing file /opt/airflow/dags/03_third_dag/taskflow_dag_v1-2.py for tasks to queue
[2024-10-12T00:16:03.284-0500] {logging_mixin.py:188} INFO - [2024-10-12T00:16:03.283-0500] {dagbag.py:545} INFO - Filling up the DagBag from /opt/airflow/dags/03_third_dag/taskflow_dag_v1-2.py
[2024-10-12T00:16:03.382-0500] {logging_mixin.py:188} INFO - [2024-10-12T00:16:03.345-0500] {dagbag.py:355} ERROR - Failed to import: /opt/airflow/dags/03_third_dag/taskflow_dag_v1-2.py
Traceback (most recent call last):
  File "/home/airflow/.local/lib/python3.12/site-packages/airflow/models/dagbag.py", line 351, in parse
    loader.exec_module(new_module)
  File "<frozen importlib._bootstrap_external>", line 995, in exec_module
  File "<frozen importlib._bootstrap>", line 488, in _call_with_frames_removed
  File "/opt/airflow/dags/03_third_dag/taskflow_dag_v1-2.py", line 8, in <module>
    from common.add_task import task_virtualenv
  File "/opt/airflow/dags/common/add_task.py", line 4, in <module>
    import joblib
ModuleNotFoundError: No module named 'joblib'
[2024-10-12T00:16:03.389-0500] {processor.py:842} WARNING - No viable dags retrieved from /opt/airflow/dags/03_third_dag/taskflow_dag_v1-2.py
[2024-10-12T00:16:03.465-0500] {processor.py:183} INFO - Processing /opt/airflow/dags/03_third_dag/taskflow_dag_v1-2.py took 0.214 seconds
[2024-10-12T00:16:35.717-0500] {processor.py:161} INFO - Started process (PID=91) to work on /opt/airflow/dags/03_third_dag/taskflow_dag_v1-2.py
[2024-10-12T00:16:35.720-0500] {processor.py:830} INFO - Processing file /opt/airflow/dags/03_third_dag/taskflow_dag_v1-2.py for tasks to queue
[2024-10-12T00:16:35.736-0500] {logging_mixin.py:188} INFO - [2024-10-12T00:16:35.736-0500] {dagbag.py:545} INFO - Filling up the DagBag from /opt/airflow/dags/03_third_dag/taskflow_dag_v1-2.py
[2024-10-12T00:16:35.791-0500] {logging_mixin.py:188} INFO - [2024-10-12T00:16:35.781-0500] {dagbag.py:355} ERROR - Failed to import: /opt/airflow/dags/03_third_dag/taskflow_dag_v1-2.py
Traceback (most recent call last):
  File "/home/airflow/.local/lib/python3.12/site-packages/airflow/models/dagbag.py", line 351, in parse
    loader.exec_module(new_module)
  File "<frozen importlib._bootstrap_external>", line 995, in exec_module
  File "<frozen importlib._bootstrap>", line 488, in _call_with_frames_removed
  File "/opt/airflow/dags/03_third_dag/taskflow_dag_v1-2.py", line 8, in <module>
    from common.add_task import task_virtualenv
  File "/opt/airflow/dags/common/add_task.py", line 4, in <module>
    import joblib
ModuleNotFoundError: No module named 'joblib'
[2024-10-12T00:16:35.794-0500] {processor.py:842} WARNING - No viable dags retrieved from /opt/airflow/dags/03_third_dag/taskflow_dag_v1-2.py
[2024-10-12T00:16:36.505-0500] {processor.py:183} INFO - Processing /opt/airflow/dags/03_third_dag/taskflow_dag_v1-2.py took 0.800 seconds
[2024-10-12T00:17:07.612-0500] {processor.py:161} INFO - Started process (PID=110) to work on /opt/airflow/dags/03_third_dag/taskflow_dag_v1-2.py
[2024-10-12T00:17:07.635-0500] {processor.py:830} INFO - Processing file /opt/airflow/dags/03_third_dag/taskflow_dag_v1-2.py for tasks to queue
[2024-10-12T00:17:07.654-0500] {logging_mixin.py:188} INFO - [2024-10-12T00:17:07.652-0500] {dagbag.py:545} INFO - Filling up the DagBag from /opt/airflow/dags/03_third_dag/taskflow_dag_v1-2.py
[2024-10-12T00:17:07.698-0500] {logging_mixin.py:188} INFO - [2024-10-12T00:17:07.689-0500] {dagbag.py:355} ERROR - Failed to import: /opt/airflow/dags/03_third_dag/taskflow_dag_v1-2.py
Traceback (most recent call last):
  File "/home/airflow/.local/lib/python3.12/site-packages/airflow/models/dagbag.py", line 351, in parse
    loader.exec_module(new_module)
  File "<frozen importlib._bootstrap_external>", line 995, in exec_module
  File "<frozen importlib._bootstrap>", line 488, in _call_with_frames_removed
  File "/opt/airflow/dags/03_third_dag/taskflow_dag_v1-2.py", line 8, in <module>
    from common.add_task import task_virtualenv
  File "/opt/airflow/dags/common/add_task.py", line 4, in <module>
    import joblib
ModuleNotFoundError: No module named 'joblib'
[2024-10-12T00:17:07.702-0500] {processor.py:842} WARNING - No viable dags retrieved from /opt/airflow/dags/03_third_dag/taskflow_dag_v1-2.py
[2024-10-12T00:17:08.177-0500] {processor.py:183} INFO - Processing /opt/airflow/dags/03_third_dag/taskflow_dag_v1-2.py took 0.734 seconds
[2024-10-12T00:17:40.340-0500] {processor.py:161} INFO - Started process (PID=129) to work on /opt/airflow/dags/03_third_dag/taskflow_dag_v1-2.py
[2024-10-12T00:17:40.342-0500] {processor.py:830} INFO - Processing file /opt/airflow/dags/03_third_dag/taskflow_dag_v1-2.py for tasks to queue
[2024-10-12T00:17:40.355-0500] {logging_mixin.py:188} INFO - [2024-10-12T00:17:40.353-0500] {dagbag.py:545} INFO - Filling up the DagBag from /opt/airflow/dags/03_third_dag/taskflow_dag_v1-2.py
[2024-10-12T00:17:40.398-0500] {logging_mixin.py:188} INFO - [2024-10-12T00:17:40.389-0500] {dagbag.py:355} ERROR - Failed to import: /opt/airflow/dags/03_third_dag/taskflow_dag_v1-2.py
Traceback (most recent call last):
  File "/home/airflow/.local/lib/python3.12/site-packages/airflow/models/dagbag.py", line 351, in parse
    loader.exec_module(new_module)
  File "<frozen importlib._bootstrap_external>", line 995, in exec_module
  File "<frozen importlib._bootstrap>", line 488, in _call_with_frames_removed
  File "/opt/airflow/dags/03_third_dag/taskflow_dag_v1-2.py", line 8, in <module>
    from common.add_task import task_virtualenv
  File "/opt/airflow/dags/common/add_task.py", line 4, in <module>
    import joblib
ModuleNotFoundError: No module named 'joblib'
[2024-10-12T00:17:40.402-0500] {processor.py:842} WARNING - No viable dags retrieved from /opt/airflow/dags/03_third_dag/taskflow_dag_v1-2.py
[2024-10-12T00:17:41.100-0500] {processor.py:183} INFO - Processing /opt/airflow/dags/03_third_dag/taskflow_dag_v1-2.py took 0.784 seconds
[2024-10-12T00:18:11.709-0500] {processor.py:161} INFO - Started process (PID=148) to work on /opt/airflow/dags/03_third_dag/taskflow_dag_v1-2.py
[2024-10-12T00:18:11.710-0500] {processor.py:830} INFO - Processing file /opt/airflow/dags/03_third_dag/taskflow_dag_v1-2.py for tasks to queue
[2024-10-12T00:18:11.713-0500] {logging_mixin.py:188} INFO - [2024-10-12T00:18:11.712-0500] {dagbag.py:545} INFO - Filling up the DagBag from /opt/airflow/dags/03_third_dag/taskflow_dag_v1-2.py
[2024-10-12T00:18:11.743-0500] {logging_mixin.py:188} INFO - [2024-10-12T00:18:11.738-0500] {dagbag.py:355} ERROR - Failed to import: /opt/airflow/dags/03_third_dag/taskflow_dag_v1-2.py
Traceback (most recent call last):
  File "/home/airflow/.local/lib/python3.12/site-packages/airflow/models/dagbag.py", line 351, in parse
    loader.exec_module(new_module)
  File "<frozen importlib._bootstrap_external>", line 995, in exec_module
  File "<frozen importlib._bootstrap>", line 488, in _call_with_frames_removed
  File "/opt/airflow/dags/03_third_dag/taskflow_dag_v1-2.py", line 8, in <module>
    from common.add_task import task_virtualenv
  File "/opt/airflow/dags/common/add_task.py", line 4, in <module>
    import joblib
ModuleNotFoundError: No module named 'joblib'
[2024-10-12T00:18:11.745-0500] {processor.py:842} WARNING - No viable dags retrieved from /opt/airflow/dags/03_third_dag/taskflow_dag_v1-2.py
[2024-10-12T00:18:11.768-0500] {processor.py:183} INFO - Processing /opt/airflow/dags/03_third_dag/taskflow_dag_v1-2.py took 0.067 seconds
