[2024-10-12T03:17:49.389-0500] {local_task_job_runner.py:120} INFO - ::group::Pre task execution logs
[2024-10-12T03:17:49.447-0500] {taskinstance.py:2076} INFO - Dependencies all met for dep_context=non-requeueable deps ti=<TaskInstance: monitor_maintain_dag_v1_3.train_model manual__2024-10-12T08:17:47.239779+00:00 [queued]>
[2024-10-12T03:17:49.464-0500] {taskinstance.py:2076} INFO - Dependencies all met for dep_context=requeueable deps ti=<TaskInstance: monitor_maintain_dag_v1_3.train_model manual__2024-10-12T08:17:47.239779+00:00 [queued]>
[2024-10-12T03:17:49.464-0500] {taskinstance.py:2306} INFO - Starting attempt 1 of 2
[2024-10-12T03:17:49.485-0500] {taskinstance.py:2330} INFO - Executing <Task(_PythonVirtualenvDecoratedOperator): train_model> on 2024-10-12 08:17:47.239779+00:00
[2024-10-12T03:17:49.498-0500] {warnings.py:112} WARNING - /home/***/.local/lib/python3.12/site-packages/***/task/task_runner/standard_task_runner.py:62: DeprecationWarning: This process (pid=883) is multi-threaded, use of fork() may lead to deadlocks in the child.
  pid = os.fork()

[2024-10-12T03:17:49.500-0500] {standard_task_runner.py:90} INFO - Running: ['***', 'tasks', 'run', 'monitor_maintain_dag_v1_3', 'train_model', 'manual__2024-10-12T08:17:47.239779+00:00', '--job-id', '21', '--raw', '--subdir', 'DAGS_FOLDER/train/train_dag.py', '--cfg-path', '/tmp/tmpthxqark2']
[2024-10-12T03:17:49.502-0500] {standard_task_runner.py:91} INFO - Job 21: Subtask train_model
[2024-10-12T03:17:49.502-0500] {standard_task_runner.py:64} INFO - Started process 884 to run task
[2024-10-12T03:17:49.580-0500] {task_command.py:426} INFO - Running <TaskInstance: monitor_maintain_dag_v1_3.train_model manual__2024-10-12T08:17:47.239779+00:00 [running]> on host 81d4b92477b0
[2024-10-12T03:17:49.704-0500] {taskinstance.py:2648} INFO - Exporting env vars: AIRFLOW_CTX_DAG_OWNER='***' AIRFLOW_CTX_DAG_ID='monitor_maintain_dag_v1_3' AIRFLOW_CTX_TASK_ID='train_model' AIRFLOW_CTX_EXECUTION_DATE='2024-10-12T08:17:47.239779+00:00' AIRFLOW_CTX_TRY_NUMBER='1' AIRFLOW_CTX_DAG_RUN_ID='manual__2024-10-12T08:17:47.239779+00:00'
[2024-10-12T03:17:49.705-0500] {taskinstance.py:430} INFO - ::endgroup::
[2024-10-12T03:17:49.711-0500] {process_utils.py:183} INFO - Executing cmd: /home/***/.local/bin/python -m virtualenv /tmp/venvfbzyuejb --python=python
[2024-10-12T03:17:49.715-0500] {process_utils.py:187} INFO - Output:
[2024-10-12T03:17:51.252-0500] {process_utils.py:191} INFO - created virtual environment CPython3.12.4.final.0-64 in 523ms
[2024-10-12T03:17:51.253-0500] {process_utils.py:191} INFO -   creator CPython3Posix(dest=/tmp/venvfbzyuejb, clear=False, no_vcs_ignore=False, global=False)
[2024-10-12T03:17:51.254-0500] {process_utils.py:191} INFO -   seeder FromAppData(download=False, pip=bundle, via=copy, app_data_dir=/home/***/.local/share/virtualenv)
[2024-10-12T03:17:51.254-0500] {process_utils.py:191} INFO -     added seed packages: pip==24.1
[2024-10-12T03:17:51.255-0500] {process_utils.py:191} INFO -   activators BashActivator,CShellActivator,FishActivator,NushellActivator,PowerShellActivator,PythonActivator
[2024-10-12T03:17:51.320-0500] {process_utils.py:183} INFO - Executing cmd: /tmp/venvfbzyuejb/bin/pip install -r /tmp/venvfbzyuejb/requirements.txt
[2024-10-12T03:17:51.321-0500] {process_utils.py:187} INFO - Output:
[2024-10-12T03:17:53.617-0500] {process_utils.py:191} INFO - Collecting joblib (from -r /tmp/venvfbzyuejb/requirements.txt (line 1))
[2024-10-12T03:17:53.621-0500] {process_utils.py:191} INFO -   Using cached joblib-1.4.2-py3-none-any.whl.metadata (5.4 kB)
[2024-10-12T03:17:53.922-0500] {process_utils.py:191} INFO - Collecting numpy (from -r /tmp/venvfbzyuejb/requirements.txt (line 2))
[2024-10-12T03:17:53.925-0500] {process_utils.py:191} INFO -   Using cached numpy-2.1.2-cp312-cp312-manylinux_2_17_x86_64.manylinux2014_x86_64.whl.metadata (60 kB)
[2024-10-12T03:17:54.247-0500] {process_utils.py:191} INFO - Collecting pandas (from -r /tmp/venvfbzyuejb/requirements.txt (line 3))
[2024-10-12T03:17:54.252-0500] {process_utils.py:191} INFO -   Using cached pandas-2.2.3-cp312-cp312-manylinux_2_17_x86_64.manylinux2014_x86_64.whl.metadata (89 kB)
[2024-10-12T03:17:54.472-0500] {process_utils.py:191} INFO - Collecting scikit-learn (from -r /tmp/venvfbzyuejb/requirements.txt (line 4))
[2024-10-12T03:17:54.475-0500] {process_utils.py:191} INFO -   Using cached scikit_learn-1.5.2-cp312-cp312-manylinux_2_17_x86_64.manylinux2014_x86_64.whl.metadata (13 kB)
[2024-10-12T03:17:54.564-0500] {process_utils.py:191} INFO - Collecting python-dateutil>=2.8.2 (from pandas->-r /tmp/venvfbzyuejb/requirements.txt (line 3))
[2024-10-12T03:17:54.566-0500] {process_utils.py:191} INFO -   Using cached python_dateutil-2.9.0.post0-py2.py3-none-any.whl.metadata (8.4 kB)
[2024-10-12T03:17:54.701-0500] {process_utils.py:191} INFO - Collecting pytz>=2020.1 (from pandas->-r /tmp/venvfbzyuejb/requirements.txt (line 3))
[2024-10-12T03:17:54.704-0500] {process_utils.py:191} INFO -   Using cached pytz-2024.2-py2.py3-none-any.whl.metadata (22 kB)
[2024-10-12T03:17:54.762-0500] {process_utils.py:191} INFO - Collecting tzdata>=2022.7 (from pandas->-r /tmp/venvfbzyuejb/requirements.txt (line 3))
[2024-10-12T03:17:54.764-0500] {process_utils.py:191} INFO -   Using cached tzdata-2024.2-py2.py3-none-any.whl.metadata (1.4 kB)
[2024-10-12T03:17:55.077-0500] {process_utils.py:191} INFO - Collecting scipy>=1.6.0 (from scikit-learn->-r /tmp/venvfbzyuejb/requirements.txt (line 4))
[2024-10-12T03:17:55.080-0500] {process_utils.py:191} INFO -   Using cached scipy-1.14.1-cp312-cp312-manylinux_2_17_x86_64.manylinux2014_x86_64.whl.metadata (60 kB)
[2024-10-12T03:17:55.200-0500] {process_utils.py:191} INFO - Collecting threadpoolctl>=3.1.0 (from scikit-learn->-r /tmp/venvfbzyuejb/requirements.txt (line 4))
[2024-10-12T03:17:55.204-0500] {process_utils.py:191} INFO -   Using cached threadpoolctl-3.5.0-py3-none-any.whl.metadata (13 kB)
[2024-10-12T03:17:55.272-0500] {process_utils.py:191} INFO - Collecting six>=1.5 (from python-dateutil>=2.8.2->pandas->-r /tmp/venvfbzyuejb/requirements.txt (line 3))
[2024-10-12T03:17:55.277-0500] {process_utils.py:191} INFO -   Using cached six-1.16.0-py2.py3-none-any.whl.metadata (1.8 kB)
[2024-10-12T03:17:55.305-0500] {process_utils.py:191} INFO - Using cached joblib-1.4.2-py3-none-any.whl (301 kB)
[2024-10-12T03:17:55.311-0500] {process_utils.py:191} INFO - Using cached numpy-2.1.2-cp312-cp312-manylinux_2_17_x86_64.manylinux2014_x86_64.whl (16.0 MB)
[2024-10-12T03:17:55.568-0500] {process_utils.py:191} INFO - Using cached pandas-2.2.3-cp312-cp312-manylinux_2_17_x86_64.manylinux2014_x86_64.whl (12.7 MB)
[2024-10-12T03:17:55.728-0500] {process_utils.py:191} INFO - Using cached scikit_learn-1.5.2-cp312-cp312-manylinux_2_17_x86_64.manylinux2014_x86_64.whl (12.9 MB)
[2024-10-12T03:17:55.874-0500] {process_utils.py:191} INFO - Using cached python_dateutil-2.9.0.post0-py2.py3-none-any.whl (229 kB)
[2024-10-12T03:17:55.878-0500] {process_utils.py:191} INFO - Using cached pytz-2024.2-py2.py3-none-any.whl (508 kB)
[2024-10-12T03:17:55.886-0500] {process_utils.py:191} INFO - Using cached scipy-1.14.1-cp312-cp312-manylinux_2_17_x86_64.manylinux2014_x86_64.whl (40.8 MB)
[2024-10-12T03:17:56.288-0500] {process_utils.py:191} INFO - Using cached threadpoolctl-3.5.0-py3-none-any.whl (18 kB)
[2024-10-12T03:17:56.292-0500] {process_utils.py:191} INFO - Using cached tzdata-2024.2-py2.py3-none-any.whl (346 kB)
[2024-10-12T03:17:56.298-0500] {process_utils.py:191} INFO - Using cached six-1.16.0-py2.py3-none-any.whl (11 kB)
[2024-10-12T03:17:56.754-0500] {process_utils.py:191} INFO - Installing collected packages: pytz, tzdata, threadpoolctl, six, numpy, joblib, scipy, python-dateutil, scikit-learn, pandas
[2024-10-12T03:18:17.433-0500] {process_utils.py:191} INFO - Successfully installed joblib-1.4.2 numpy-2.1.2 pandas-2.2.3 python-dateutil-2.9.0.post0 pytz-2024.2 scikit-learn-1.5.2 scipy-1.14.1 six-1.16.0 threadpoolctl-3.5.0 tzdata-2024.2
[2024-10-12T03:18:17.645-0500] {process_utils.py:191} INFO - 
[2024-10-12T03:18:17.646-0500] {process_utils.py:191} INFO - [notice] A new release of pip is available: 24.1 -> 24.2
[2024-10-12T03:18:17.647-0500] {process_utils.py:191} INFO - [notice] To update, run: python -m pip install --upgrade pip
[2024-10-12T03:18:17.890-0500] {process_utils.py:183} INFO - Executing cmd: /tmp/venvfbzyuejb/bin/python /tmp/venv-call3mna9or6/script.py /tmp/venv-call3mna9or6/script.in /tmp/venv-call3mna9or6/script.out /tmp/venv-call3mna9or6/string_args.txt /tmp/venv-call3mna9or6/termination.log
[2024-10-12T03:18:17.892-0500] {process_utils.py:187} INFO - Output:
[2024-10-12T03:18:19.452-0500] {process_utils.py:191} INFO - Modelo Guardado
[2024-10-12T03:18:19.932-0500] {python.py:237} INFO - Done. Returned value was: None
[2024-10-12T03:18:19.933-0500] {taskinstance.py:441} INFO - ::group::Post task execution logs
[2024-10-12T03:18:19.946-0500] {taskinstance.py:1206} INFO - Marking task as SUCCESS. dag_id=monitor_maintain_dag_v1_3, task_id=train_model, run_id=manual__2024-10-12T08:17:47.239779+00:00, execution_date=20241012T081747, start_date=20241012T081749, end_date=20241012T081819
[2024-10-12T03:18:20.005-0500] {local_task_job_runner.py:243} INFO - Task exited with return code 0
[2024-10-12T03:18:20.044-0500] {taskinstance.py:3503} INFO - 1 downstream tasks scheduled from follow-on schedule check
[2024-10-12T03:18:20.046-0500] {local_task_job_runner.py:222} INFO - ::endgroup::
