[2024-10-12T03:00:17.132-0500] {local_task_job_runner.py:120} INFO - ::group::Pre task execution logs
[2024-10-12T03:00:17.181-0500] {taskinstance.py:2076} INFO - Dependencies all met for dep_context=non-requeueable deps ti=<TaskInstance: train_dag.monitoring_model manual__2024-10-12T07:57:53.706936+00:00 [queued]>
[2024-10-12T03:00:17.199-0500] {taskinstance.py:2076} INFO - Dependencies all met for dep_context=requeueable deps ti=<TaskInstance: train_dag.monitoring_model manual__2024-10-12T07:57:53.706936+00:00 [queued]>
[2024-10-12T03:00:17.199-0500] {taskinstance.py:2306} INFO - Starting attempt 1 of 2
[2024-10-12T03:00:17.221-0500] {taskinstance.py:2330} INFO - Executing <Task(_PythonVirtualenvDecoratedOperator): monitoring_model> on 2024-10-12 07:57:53.706936+00:00
[2024-10-12T03:00:17.227-0500] {warnings.py:112} WARNING - /home/***/.local/lib/python3.12/site-packages/***/task/task_runner/standard_task_runner.py:62: DeprecationWarning: This process (pid=560) is multi-threaded, use of fork() may lead to deadlocks in the child.
  pid = os.fork()

[2024-10-12T03:00:17.229-0500] {standard_task_runner.py:64} INFO - Started process 561 to run task
[2024-10-12T03:00:17.229-0500] {standard_task_runner.py:90} INFO - Running: ['***', 'tasks', 'run', 'train_dag', 'monitoring_model', 'manual__2024-10-12T07:57:53.706936+00:00', '--job-id', '18', '--raw', '--subdir', 'DAGS_FOLDER/train/train_dag.py', '--cfg-path', '/tmp/tmposnrbzdp']
[2024-10-12T03:00:17.231-0500] {standard_task_runner.py:91} INFO - Job 18: Subtask monitoring_model
[2024-10-12T03:00:17.305-0500] {task_command.py:426} INFO - Running <TaskInstance: train_dag.monitoring_model manual__2024-10-12T07:57:53.706936+00:00 [running]> on host 81d4b92477b0
[2024-10-12T03:00:17.424-0500] {taskinstance.py:2648} INFO - Exporting env vars: AIRFLOW_CTX_DAG_OWNER='***' AIRFLOW_CTX_DAG_ID='train_dag' AIRFLOW_CTX_TASK_ID='monitoring_model' AIRFLOW_CTX_EXECUTION_DATE='2024-10-12T07:57:53.706936+00:00' AIRFLOW_CTX_TRY_NUMBER='1' AIRFLOW_CTX_DAG_RUN_ID='manual__2024-10-12T07:57:53.706936+00:00'
[2024-10-12T03:00:17.426-0500] {taskinstance.py:430} INFO - ::endgroup::
[2024-10-12T03:00:17.428-0500] {process_utils.py:183} INFO - Executing cmd: /home/***/.local/bin/python -m virtualenv /tmp/venvknvpi21a --python=python
[2024-10-12T03:00:17.430-0500] {process_utils.py:187} INFO - Output:
[2024-10-12T03:00:18.398-0500] {process_utils.py:191} INFO - created virtual environment CPython3.12.4.final.0-64 in 254ms
[2024-10-12T03:00:18.399-0500] {process_utils.py:191} INFO -   creator CPython3Posix(dest=/tmp/venvknvpi21a, clear=False, no_vcs_ignore=False, global=False)
[2024-10-12T03:00:18.400-0500] {process_utils.py:191} INFO -   seeder FromAppData(download=False, pip=bundle, via=copy, app_data_dir=/home/***/.local/share/virtualenv)
[2024-10-12T03:00:18.400-0500] {process_utils.py:191} INFO -     added seed packages: pip==24.1
[2024-10-12T03:00:18.401-0500] {process_utils.py:191} INFO -   activators BashActivator,CShellActivator,FishActivator,NushellActivator,PowerShellActivator,PythonActivator
[2024-10-12T03:00:18.437-0500] {process_utils.py:183} INFO - Executing cmd: /tmp/venvknvpi21a/bin/pip install -r /tmp/venvknvpi21a/requirements.txt
[2024-10-12T03:00:18.438-0500] {process_utils.py:187} INFO - Output:
[2024-10-12T03:00:20.894-0500] {process_utils.py:191} INFO - Collecting joblib (from -r /tmp/venvknvpi21a/requirements.txt (line 1))
[2024-10-12T03:00:20.897-0500] {process_utils.py:191} INFO -   Using cached joblib-1.4.2-py3-none-any.whl.metadata (5.4 kB)
[2024-10-12T03:00:21.331-0500] {process_utils.py:191} INFO - Collecting numpy (from -r /tmp/venvknvpi21a/requirements.txt (line 2))
[2024-10-12T03:00:21.335-0500] {process_utils.py:191} INFO -   Using cached numpy-2.1.2-cp312-cp312-manylinux_2_17_x86_64.manylinux2014_x86_64.whl.metadata (60 kB)
[2024-10-12T03:00:21.757-0500] {process_utils.py:191} INFO - Collecting pandas (from -r /tmp/venvknvpi21a/requirements.txt (line 3))
[2024-10-12T03:00:21.760-0500] {process_utils.py:191} INFO -   Using cached pandas-2.2.3-cp312-cp312-manylinux_2_17_x86_64.manylinux2014_x86_64.whl.metadata (89 kB)
[2024-10-12T03:00:22.142-0500] {process_utils.py:191} INFO - Collecting scikit-learn (from -r /tmp/venvknvpi21a/requirements.txt (line 4))
[2024-10-12T03:00:22.144-0500] {process_utils.py:191} INFO -   Using cached scikit_learn-1.5.2-cp312-cp312-manylinux_2_17_x86_64.manylinux2014_x86_64.whl.metadata (13 kB)
[2024-10-12T03:00:22.259-0500] {process_utils.py:191} INFO - Collecting python-dateutil>=2.8.2 (from pandas->-r /tmp/venvknvpi21a/requirements.txt (line 3))
[2024-10-12T03:00:22.261-0500] {process_utils.py:191} INFO -   Using cached python_dateutil-2.9.0.post0-py2.py3-none-any.whl.metadata (8.4 kB)
[2024-10-12T03:00:22.404-0500] {process_utils.py:191} INFO - Collecting pytz>=2020.1 (from pandas->-r /tmp/venvknvpi21a/requirements.txt (line 3))
[2024-10-12T03:00:22.406-0500] {process_utils.py:191} INFO -   Using cached pytz-2024.2-py2.py3-none-any.whl.metadata (22 kB)
[2024-10-12T03:00:22.477-0500] {process_utils.py:191} INFO - Collecting tzdata>=2022.7 (from pandas->-r /tmp/venvknvpi21a/requirements.txt (line 3))
[2024-10-12T03:00:22.479-0500] {process_utils.py:191} INFO -   Using cached tzdata-2024.2-py2.py3-none-any.whl.metadata (1.4 kB)
[2024-10-12T03:00:22.720-0500] {process_utils.py:191} INFO - Collecting scipy>=1.6.0 (from scikit-learn->-r /tmp/venvknvpi21a/requirements.txt (line 4))
[2024-10-12T03:00:22.721-0500] {process_utils.py:191} INFO -   Using cached scipy-1.14.1-cp312-cp312-manylinux_2_17_x86_64.manylinux2014_x86_64.whl.metadata (60 kB)
[2024-10-12T03:00:22.815-0500] {process_utils.py:191} INFO - Collecting threadpoolctl>=3.1.0 (from scikit-learn->-r /tmp/venvknvpi21a/requirements.txt (line 4))
[2024-10-12T03:00:22.818-0500] {process_utils.py:191} INFO -   Using cached threadpoolctl-3.5.0-py3-none-any.whl.metadata (13 kB)
[2024-10-12T03:00:22.896-0500] {process_utils.py:191} INFO - Collecting six>=1.5 (from python-dateutil>=2.8.2->pandas->-r /tmp/venvknvpi21a/requirements.txt (line 3))
[2024-10-12T03:00:22.898-0500] {process_utils.py:191} INFO -   Using cached six-1.16.0-py2.py3-none-any.whl.metadata (1.8 kB)
[2024-10-12T03:00:22.924-0500] {process_utils.py:191} INFO - Using cached joblib-1.4.2-py3-none-any.whl (301 kB)
[2024-10-12T03:00:22.928-0500] {process_utils.py:191} INFO - Using cached numpy-2.1.2-cp312-cp312-manylinux_2_17_x86_64.manylinux2014_x86_64.whl (16.0 MB)
[2024-10-12T03:00:23.004-0500] {process_utils.py:191} INFO - Using cached pandas-2.2.3-cp312-cp312-manylinux_2_17_x86_64.manylinux2014_x86_64.whl (12.7 MB)
[2024-10-12T03:00:23.139-0500] {process_utils.py:191} INFO - Using cached scikit_learn-1.5.2-cp312-cp312-manylinux_2_17_x86_64.manylinux2014_x86_64.whl (12.9 MB)
[2024-10-12T03:00:23.290-0500] {process_utils.py:191} INFO - Using cached python_dateutil-2.9.0.post0-py2.py3-none-any.whl (229 kB)
[2024-10-12T03:00:23.296-0500] {process_utils.py:191} INFO - Using cached pytz-2024.2-py2.py3-none-any.whl (508 kB)
[2024-10-12T03:00:23.305-0500] {process_utils.py:191} INFO - Using cached scipy-1.14.1-cp312-cp312-manylinux_2_17_x86_64.manylinux2014_x86_64.whl (40.8 MB)
[2024-10-12T03:00:23.769-0500] {process_utils.py:191} INFO - Using cached threadpoolctl-3.5.0-py3-none-any.whl (18 kB)
[2024-10-12T03:00:23.771-0500] {process_utils.py:191} INFO - Using cached tzdata-2024.2-py2.py3-none-any.whl (346 kB)
[2024-10-12T03:00:23.777-0500] {process_utils.py:191} INFO - Using cached six-1.16.0-py2.py3-none-any.whl (11 kB)
[2024-10-12T03:00:24.289-0500] {process_utils.py:191} INFO - Installing collected packages: pytz, tzdata, threadpoolctl, six, numpy, joblib, scipy, python-dateutil, scikit-learn, pandas
[2024-10-12T03:01:17.999-0500] {process_utils.py:191} INFO - Successfully installed joblib-1.4.2 numpy-2.1.2 pandas-2.2.3 python-dateutil-2.9.0.post0 pytz-2024.2 scikit-learn-1.5.2 scipy-1.14.1 six-1.16.0 threadpoolctl-3.5.0 tzdata-2024.2
[2024-10-12T03:01:18.448-0500] {process_utils.py:191} INFO - 
[2024-10-12T03:01:18.449-0500] {process_utils.py:191} INFO - [notice] A new release of pip is available: 24.1 -> 24.2
[2024-10-12T03:01:18.450-0500] {process_utils.py:191} INFO - [notice] To update, run: python -m pip install --upgrade pip
[2024-10-12T03:01:18.842-0500] {process_utils.py:183} INFO - Executing cmd: /tmp/venvknvpi21a/bin/python /tmp/venv-callux71s8f2/script.py /tmp/venv-callux71s8f2/script.in /tmp/venv-callux71s8f2/script.out /tmp/venv-callux71s8f2/string_args.txt /tmp/venv-callux71s8f2/termination.log
[2024-10-12T03:01:18.845-0500] {process_utils.py:187} INFO - Output:
[2024-10-12T03:01:22.843-0500] {process_utils.py:191} INFO - Monitoreo Completado
[2024-10-12T03:01:24.901-0500] {python.py:237} INFO - Done. Returned value was: None
[2024-10-12T03:01:24.902-0500] {taskinstance.py:441} INFO - ::group::Post task execution logs
[2024-10-12T03:01:24.926-0500] {taskinstance.py:1206} INFO - Marking task as SUCCESS. dag_id=train_dag, task_id=monitoring_model, run_id=manual__2024-10-12T07:57:53.706936+00:00, execution_date=20241012T075753, start_date=20241012T080017, end_date=20241012T080124
[2024-10-12T03:01:25.012-0500] {local_task_job_runner.py:243} INFO - Task exited with return code 0
[2024-10-12T03:01:25.048-0500] {taskinstance.py:3503} INFO - 0 downstream tasks scheduled from follow-on schedule check
[2024-10-12T03:01:25.051-0500] {local_task_job_runner.py:222} INFO - ::endgroup::
