[2024-10-12T00:16:27.795-0500] {processor.py:161} INFO - Started process (PID=84) to work on /opt/airflow/dags/04_four_dag/monitor_maintain_dag_v1-2.py
[2024-10-12T00:16:27.797-0500] {processor.py:830} INFO - Processing file /opt/airflow/dags/04_four_dag/monitor_maintain_dag_v1-2.py for tasks to queue
[2024-10-12T00:16:27.802-0500] {logging_mixin.py:188} INFO - [2024-10-12T00:16:27.801-0500] {dagbag.py:545} INFO - Filling up the DagBag from /opt/airflow/dags/04_four_dag/monitor_maintain_dag_v1-2.py
[2024-10-12T00:16:27.883-0500] {logging_mixin.py:188} INFO - [2024-10-12T00:16:27.867-0500] {dagbag.py:355} ERROR - Failed to import: /opt/airflow/dags/04_four_dag/monitor_maintain_dag_v1-2.py
Traceback (most recent call last):
  File "/home/airflow/.local/lib/python3.12/site-packages/airflow/models/dagbag.py", line 351, in parse
    loader.exec_module(new_module)
  File "<frozen importlib._bootstrap_external>", line 995, in exec_module
  File "<frozen importlib._bootstrap>", line 488, in _call_with_frames_removed
  File "/opt/airflow/dags/04_four_dag/monitor_maintain_dag_v1-2.py", line 8, in <module>
    from common.add_task import task_monitoringmodel
  File "/opt/airflow/dags/common/add_task.py", line 4, in <module>
    import joblib
ModuleNotFoundError: No module named 'joblib'
[2024-10-12T00:16:27.889-0500] {processor.py:842} WARNING - No viable dags retrieved from /opt/airflow/dags/04_four_dag/monitor_maintain_dag_v1-2.py
[2024-10-12T00:16:28.015-0500] {processor.py:183} INFO - Processing /opt/airflow/dags/04_four_dag/monitor_maintain_dag_v1-2.py took 0.237 seconds
[2024-10-12T00:16:58.553-0500] {processor.py:161} INFO - Started process (PID=103) to work on /opt/airflow/dags/04_four_dag/monitor_maintain_dag_v1-2.py
[2024-10-12T00:16:58.559-0500] {processor.py:830} INFO - Processing file /opt/airflow/dags/04_four_dag/monitor_maintain_dag_v1-2.py for tasks to queue
[2024-10-12T00:16:58.569-0500] {logging_mixin.py:188} INFO - [2024-10-12T00:16:58.568-0500] {dagbag.py:545} INFO - Filling up the DagBag from /opt/airflow/dags/04_four_dag/monitor_maintain_dag_v1-2.py
[2024-10-12T00:16:58.618-0500] {logging_mixin.py:188} INFO - [2024-10-12T00:16:58.605-0500] {dagbag.py:355} ERROR - Failed to import: /opt/airflow/dags/04_four_dag/monitor_maintain_dag_v1-2.py
Traceback (most recent call last):
  File "/home/airflow/.local/lib/python3.12/site-packages/airflow/models/dagbag.py", line 351, in parse
    loader.exec_module(new_module)
  File "<frozen importlib._bootstrap_external>", line 995, in exec_module
  File "<frozen importlib._bootstrap>", line 488, in _call_with_frames_removed
  File "/opt/airflow/dags/04_four_dag/monitor_maintain_dag_v1-2.py", line 8, in <module>
    from common.add_task import task_monitoringmodel
  File "/opt/airflow/dags/common/add_task.py", line 4, in <module>
    import joblib
ModuleNotFoundError: No module named 'joblib'
[2024-10-12T00:16:58.622-0500] {processor.py:842} WARNING - No viable dags retrieved from /opt/airflow/dags/04_four_dag/monitor_maintain_dag_v1-2.py
[2024-10-12T00:16:58.652-0500] {processor.py:183} INFO - Processing /opt/airflow/dags/04_four_dag/monitor_maintain_dag_v1-2.py took 0.189 seconds
[2024-10-12T00:17:29.318-0500] {processor.py:161} INFO - Started process (PID=122) to work on /opt/airflow/dags/04_four_dag/monitor_maintain_dag_v1-2.py
[2024-10-12T00:17:29.319-0500] {processor.py:830} INFO - Processing file /opt/airflow/dags/04_four_dag/monitor_maintain_dag_v1-2.py for tasks to queue
[2024-10-12T00:17:29.321-0500] {logging_mixin.py:188} INFO - [2024-10-12T00:17:29.321-0500] {dagbag.py:545} INFO - Filling up the DagBag from /opt/airflow/dags/04_four_dag/monitor_maintain_dag_v1-2.py
[2024-10-12T00:17:29.352-0500] {logging_mixin.py:188} INFO - [2024-10-12T00:17:29.345-0500] {dagbag.py:355} ERROR - Failed to import: /opt/airflow/dags/04_four_dag/monitor_maintain_dag_v1-2.py
Traceback (most recent call last):
  File "/home/airflow/.local/lib/python3.12/site-packages/airflow/models/dagbag.py", line 351, in parse
    loader.exec_module(new_module)
  File "<frozen importlib._bootstrap_external>", line 995, in exec_module
  File "<frozen importlib._bootstrap>", line 488, in _call_with_frames_removed
  File "/opt/airflow/dags/04_four_dag/monitor_maintain_dag_v1-2.py", line 8, in <module>
    from common.add_task import task_monitoringmodel
  File "/opt/airflow/dags/common/add_task.py", line 4, in <module>
    import joblib
ModuleNotFoundError: No module named 'joblib'
[2024-10-12T00:17:29.356-0500] {processor.py:842} WARNING - No viable dags retrieved from /opt/airflow/dags/04_four_dag/monitor_maintain_dag_v1-2.py
[2024-10-12T00:17:29.381-0500] {processor.py:183} INFO - Processing /opt/airflow/dags/04_four_dag/monitor_maintain_dag_v1-2.py took 0.071 seconds
[2024-10-12T00:17:59.766-0500] {processor.py:161} INFO - Started process (PID=141) to work on /opt/airflow/dags/04_four_dag/monitor_maintain_dag_v1-2.py
[2024-10-12T00:17:59.768-0500] {processor.py:830} INFO - Processing file /opt/airflow/dags/04_four_dag/monitor_maintain_dag_v1-2.py for tasks to queue
[2024-10-12T00:17:59.770-0500] {logging_mixin.py:188} INFO - [2024-10-12T00:17:59.770-0500] {dagbag.py:545} INFO - Filling up the DagBag from /opt/airflow/dags/04_four_dag/monitor_maintain_dag_v1-2.py
[2024-10-12T00:17:59.802-0500] {logging_mixin.py:188} INFO - [2024-10-12T00:17:59.795-0500] {dagbag.py:355} ERROR - Failed to import: /opt/airflow/dags/04_four_dag/monitor_maintain_dag_v1-2.py
Traceback (most recent call last):
  File "/home/airflow/.local/lib/python3.12/site-packages/airflow/models/dagbag.py", line 351, in parse
    loader.exec_module(new_module)
  File "<frozen importlib._bootstrap_external>", line 995, in exec_module
  File "<frozen importlib._bootstrap>", line 488, in _call_with_frames_removed
  File "/opt/airflow/dags/04_four_dag/monitor_maintain_dag_v1-2.py", line 8, in <module>
    from common.add_task import task_monitoringmodel
  File "/opt/airflow/dags/common/add_task.py", line 4, in <module>
    import joblib
ModuleNotFoundError: No module named 'joblib'
[2024-10-12T00:17:59.805-0500] {processor.py:842} WARNING - No viable dags retrieved from /opt/airflow/dags/04_four_dag/monitor_maintain_dag_v1-2.py
[2024-10-12T00:17:59.840-0500] {processor.py:183} INFO - Processing /opt/airflow/dags/04_four_dag/monitor_maintain_dag_v1-2.py took 0.080 seconds
