[2024-10-12T02:45:52.273-0500] {local_task_job_runner.py:120} INFO - ::group::Pre task execution logs
[2024-10-12T02:45:52.313-0500] {taskinstance.py:2076} INFO - Dependencies all met for dep_context=non-requeueable deps ti=<TaskInstance: train_dag.monitoring_model manual__2024-10-12T07:44:01.349127+00:00 [queued]>
[2024-10-12T02:45:52.326-0500] {taskinstance.py:2076} INFO - Dependencies all met for dep_context=requeueable deps ti=<TaskInstance: train_dag.monitoring_model manual__2024-10-12T07:44:01.349127+00:00 [queued]>
[2024-10-12T02:45:52.327-0500] {taskinstance.py:2306} INFO - Starting attempt 1 of 2
[2024-10-12T02:45:52.347-0500] {taskinstance.py:2330} INFO - Executing <Task(_PythonVirtualenvDecoratedOperator): monitoring_model> on 2024-10-12 07:44:01.349127+00:00
[2024-10-12T02:45:52.359-0500] {warnings.py:112} WARNING - /home/***/.local/lib/python3.12/site-packages/***/task/task_runner/standard_task_runner.py:62: DeprecationWarning: This process (pid=242) is multi-threaded, use of fork() may lead to deadlocks in the child.
  pid = os.fork()

[2024-10-12T02:45:52.361-0500] {standard_task_runner.py:64} INFO - Started process 243 to run task
[2024-10-12T02:45:52.360-0500] {standard_task_runner.py:90} INFO - Running: ['***', 'tasks', 'run', 'train_dag', 'monitoring_model', 'manual__2024-10-12T07:44:01.349127+00:00', '--job-id', '14', '--raw', '--subdir', 'DAGS_FOLDER/train/train_dag.py', '--cfg-path', '/tmp/tmpm4nsqsx6']
[2024-10-12T02:45:52.364-0500] {standard_task_runner.py:91} INFO - Job 14: Subtask monitoring_model
[2024-10-12T02:45:52.437-0500] {task_command.py:426} INFO - Running <TaskInstance: train_dag.monitoring_model manual__2024-10-12T07:44:01.349127+00:00 [running]> on host 81d4b92477b0
[2024-10-12T02:45:52.570-0500] {taskinstance.py:2648} INFO - Exporting env vars: AIRFLOW_CTX_DAG_OWNER='***' AIRFLOW_CTX_DAG_ID='train_dag' AIRFLOW_CTX_TASK_ID='monitoring_model' AIRFLOW_CTX_EXECUTION_DATE='2024-10-12T07:44:01.349127+00:00' AIRFLOW_CTX_TRY_NUMBER='1' AIRFLOW_CTX_DAG_RUN_ID='manual__2024-10-12T07:44:01.349127+00:00'
[2024-10-12T02:45:52.571-0500] {taskinstance.py:430} INFO - ::endgroup::
[2024-10-12T02:45:52.574-0500] {process_utils.py:183} INFO - Executing cmd: /home/***/.local/bin/python -m virtualenv /tmp/venvdf_xo6a2 --python=python
[2024-10-12T02:45:52.575-0500] {process_utils.py:187} INFO - Output:
[2024-10-12T02:45:53.983-0500] {process_utils.py:191} INFO - created virtual environment CPython3.12.4.final.0-64 in 730ms
[2024-10-12T02:45:53.984-0500] {process_utils.py:191} INFO -   creator CPython3Posix(dest=/tmp/venvdf_xo6a2, clear=False, no_vcs_ignore=False, global=False)
[2024-10-12T02:45:53.985-0500] {process_utils.py:191} INFO -   seeder FromAppData(download=False, pip=bundle, via=copy, app_data_dir=/home/***/.local/share/virtualenv)
[2024-10-12T02:45:53.985-0500] {process_utils.py:191} INFO -     added seed packages: pip==24.1
[2024-10-12T02:45:53.986-0500] {process_utils.py:191} INFO -   activators BashActivator,CShellActivator,FishActivator,NushellActivator,PowerShellActivator,PythonActivator
[2024-10-12T02:45:54.016-0500] {process_utils.py:183} INFO - Executing cmd: /tmp/venvdf_xo6a2/bin/pip install -r /tmp/venvdf_xo6a2/requirements.txt
[2024-10-12T02:45:54.018-0500] {process_utils.py:187} INFO - Output:
[2024-10-12T02:45:55.805-0500] {process_utils.py:191} INFO - Collecting joblib (from -r /tmp/venvdf_xo6a2/requirements.txt (line 1))
[2024-10-12T02:45:55.809-0500] {process_utils.py:191} INFO -   Using cached joblib-1.4.2-py3-none-any.whl.metadata (5.4 kB)
[2024-10-12T02:45:56.135-0500] {process_utils.py:191} INFO - Collecting numpy (from -r /tmp/venvdf_xo6a2/requirements.txt (line 2))
[2024-10-12T02:45:56.138-0500] {process_utils.py:191} INFO -   Using cached numpy-2.1.2-cp312-cp312-manylinux_2_17_x86_64.manylinux2014_x86_64.whl.metadata (60 kB)
[2024-10-12T02:45:56.409-0500] {process_utils.py:191} INFO - Collecting pandas (from -r /tmp/venvdf_xo6a2/requirements.txt (line 3))
[2024-10-12T02:45:56.422-0500] {process_utils.py:191} INFO -   Using cached pandas-2.2.3-cp312-cp312-manylinux_2_17_x86_64.manylinux2014_x86_64.whl.metadata (89 kB)
[2024-10-12T02:45:56.672-0500] {process_utils.py:191} INFO - Collecting scikit-learn (from -r /tmp/venvdf_xo6a2/requirements.txt (line 4))
[2024-10-12T02:45:56.678-0500] {process_utils.py:191} INFO -   Using cached scikit_learn-1.5.2-cp312-cp312-manylinux_2_17_x86_64.manylinux2014_x86_64.whl.metadata (13 kB)
[2024-10-12T02:45:56.833-0500] {process_utils.py:191} INFO - Collecting python-dateutil>=2.8.2 (from pandas->-r /tmp/venvdf_xo6a2/requirements.txt (line 3))
[2024-10-12T02:45:56.836-0500] {process_utils.py:191} INFO -   Using cached python_dateutil-2.9.0.post0-py2.py3-none-any.whl.metadata (8.4 kB)
[2024-10-12T02:45:56.970-0500] {process_utils.py:191} INFO - Collecting pytz>=2020.1 (from pandas->-r /tmp/venvdf_xo6a2/requirements.txt (line 3))
[2024-10-12T02:45:56.982-0500] {process_utils.py:191} INFO -   Using cached pytz-2024.2-py2.py3-none-any.whl.metadata (22 kB)
[2024-10-12T02:45:57.152-0500] {process_utils.py:191} INFO - Collecting tzdata>=2022.7 (from pandas->-r /tmp/venvdf_xo6a2/requirements.txt (line 3))
[2024-10-12T02:45:57.155-0500] {process_utils.py:191} INFO -   Using cached tzdata-2024.2-py2.py3-none-any.whl.metadata (1.4 kB)
[2024-10-12T02:45:57.346-0500] {process_utils.py:191} INFO - Collecting scipy>=1.6.0 (from scikit-learn->-r /tmp/venvdf_xo6a2/requirements.txt (line 4))
[2024-10-12T02:45:57.362-0500] {process_utils.py:191} INFO -   Using cached scipy-1.14.1-cp312-cp312-manylinux_2_17_x86_64.manylinux2014_x86_64.whl.metadata (60 kB)
[2024-10-12T02:45:57.462-0500] {process_utils.py:191} INFO - Collecting threadpoolctl>=3.1.0 (from scikit-learn->-r /tmp/venvdf_xo6a2/requirements.txt (line 4))
[2024-10-12T02:45:57.464-0500] {process_utils.py:191} INFO -   Using cached threadpoolctl-3.5.0-py3-none-any.whl.metadata (13 kB)
[2024-10-12T02:45:57.522-0500] {process_utils.py:191} INFO - Collecting six>=1.5 (from python-dateutil>=2.8.2->pandas->-r /tmp/venvdf_xo6a2/requirements.txt (line 3))
[2024-10-12T02:45:57.524-0500] {process_utils.py:191} INFO -   Using cached six-1.16.0-py2.py3-none-any.whl.metadata (1.8 kB)
[2024-10-12T02:45:57.566-0500] {process_utils.py:191} INFO - Using cached joblib-1.4.2-py3-none-any.whl (301 kB)
[2024-10-12T02:45:57.569-0500] {process_utils.py:191} INFO - Using cached numpy-2.1.2-cp312-cp312-manylinux_2_17_x86_64.manylinux2014_x86_64.whl (16.0 MB)
[2024-10-12T02:45:57.633-0500] {process_utils.py:191} INFO - Using cached pandas-2.2.3-cp312-cp312-manylinux_2_17_x86_64.manylinux2014_x86_64.whl (12.7 MB)
[2024-10-12T02:45:57.694-0500] {process_utils.py:191} INFO - Using cached scikit_learn-1.5.2-cp312-cp312-manylinux_2_17_x86_64.manylinux2014_x86_64.whl (12.9 MB)
[2024-10-12T02:45:57.783-0500] {process_utils.py:191} INFO - Using cached python_dateutil-2.9.0.post0-py2.py3-none-any.whl (229 kB)
[2024-10-12T02:45:57.787-0500] {process_utils.py:191} INFO - Using cached pytz-2024.2-py2.py3-none-any.whl (508 kB)
[2024-10-12T02:45:57.792-0500] {process_utils.py:191} INFO - Using cached scipy-1.14.1-cp312-cp312-manylinux_2_17_x86_64.manylinux2014_x86_64.whl (40.8 MB)
[2024-10-12T02:45:58.270-0500] {process_utils.py:191} INFO - Using cached threadpoolctl-3.5.0-py3-none-any.whl (18 kB)
[2024-10-12T02:45:58.278-0500] {process_utils.py:191} INFO - Using cached tzdata-2024.2-py2.py3-none-any.whl (346 kB)
[2024-10-12T02:45:58.286-0500] {process_utils.py:191} INFO - Using cached six-1.16.0-py2.py3-none-any.whl (11 kB)
[2024-10-12T02:45:58.704-0500] {process_utils.py:191} INFO - Installing collected packages: pytz, tzdata, threadpoolctl, six, numpy, joblib, scipy, python-dateutil, scikit-learn, pandas
[2024-10-12T02:46:34.871-0500] {process_utils.py:191} INFO - Successfully installed joblib-1.4.2 numpy-2.1.2 pandas-2.2.3 python-dateutil-2.9.0.post0 pytz-2024.2 scikit-learn-1.5.2 scipy-1.14.1 six-1.16.0 threadpoolctl-3.5.0 tzdata-2024.2
[2024-10-12T02:46:35.125-0500] {process_utils.py:191} INFO - 
[2024-10-12T02:46:35.126-0500] {process_utils.py:191} INFO - [notice] A new release of pip is available: 24.1 -> 24.2
[2024-10-12T02:46:35.127-0500] {process_utils.py:191} INFO - [notice] To update, run: python -m pip install --upgrade pip
[2024-10-12T02:46:35.376-0500] {process_utils.py:183} INFO - Executing cmd: /tmp/venvdf_xo6a2/bin/python /tmp/venv-callql0fiup2/script.py /tmp/venv-callql0fiup2/script.in /tmp/venv-callql0fiup2/script.out /tmp/venv-callql0fiup2/string_args.txt /tmp/venv-callql0fiup2/termination.log
[2024-10-12T02:46:35.377-0500] {process_utils.py:187} INFO - Output:
[2024-10-12T02:46:37.093-0500] {process_utils.py:191} INFO - Monitoreo Completado
[2024-10-12T02:46:37.621-0500] {python.py:237} INFO - Done. Returned value was: None
[2024-10-12T02:46:37.622-0500] {taskinstance.py:441} INFO - ::group::Post task execution logs
[2024-10-12T02:46:37.637-0500] {taskinstance.py:1206} INFO - Marking task as SUCCESS. dag_id=train_dag, task_id=monitoring_model, run_id=manual__2024-10-12T07:44:01.349127+00:00, execution_date=20241012T074401, start_date=20241012T074552, end_date=20241012T074637
[2024-10-12T02:46:39.286-0500] {local_task_job_runner.py:243} INFO - Task exited with return code 0
[2024-10-12T02:46:39.306-0500] {taskinstance.py:3503} INFO - 0 downstream tasks scheduled from follow-on schedule check
[2024-10-12T02:46:39.308-0500] {local_task_job_runner.py:222} INFO - ::endgroup::
