[2024-10-12T02:57:34.807-0500] {local_task_job_runner.py:120} INFO - ::group::Pre task execution logs
[2024-10-12T02:57:34.887-0500] {taskinstance.py:2076} INFO - Dependencies all met for dep_context=non-requeueable deps ti=<TaskInstance: train_dag.prediction_model manual__2024-10-12T07:56:49.673130+00:00 [queued]>
[2024-10-12T02:57:34.904-0500] {taskinstance.py:2076} INFO - Dependencies all met for dep_context=requeueable deps ti=<TaskInstance: train_dag.prediction_model manual__2024-10-12T07:56:49.673130+00:00 [queued]>
[2024-10-12T02:57:34.905-0500] {taskinstance.py:2306} INFO - Starting attempt 1 of 2
[2024-10-12T02:57:34.926-0500] {taskinstance.py:2330} INFO - Executing <Task(_PythonVirtualenvDecoratedOperator): prediction_model> on 2024-10-12 07:56:49.673130+00:00
[2024-10-12T02:57:34.968-0500] {warnings.py:112} WARNING - /home/***/.local/lib/python3.12/site-packages/***/task/task_runner/standard_task_runner.py:62: DeprecationWarning: This process (pid=421) is multi-threaded, use of fork() may lead to deadlocks in the child.
  pid = os.fork()

[2024-10-12T02:57:34.970-0500] {standard_task_runner.py:90} INFO - Running: ['***', 'tasks', 'run', 'train_dag', 'prediction_model', 'manual__2024-10-12T07:56:49.673130+00:00', '--job-id', '15', '--raw', '--subdir', 'DAGS_FOLDER/train/train_dag.py', '--cfg-path', '/tmp/tmpx6pztmqv']
[2024-10-12T02:57:34.971-0500] {standard_task_runner.py:64} INFO - Started process 422 to run task
[2024-10-12T02:57:34.971-0500] {standard_task_runner.py:91} INFO - Job 15: Subtask prediction_model
[2024-10-12T02:57:35.037-0500] {task_command.py:426} INFO - Running <TaskInstance: train_dag.prediction_model manual__2024-10-12T07:56:49.673130+00:00 [running]> on host 81d4b92477b0
[2024-10-12T02:57:35.180-0500] {taskinstance.py:2648} INFO - Exporting env vars: AIRFLOW_CTX_DAG_OWNER='***' AIRFLOW_CTX_DAG_ID='train_dag' AIRFLOW_CTX_TASK_ID='prediction_model' AIRFLOW_CTX_EXECUTION_DATE='2024-10-12T07:56:49.673130+00:00' AIRFLOW_CTX_TRY_NUMBER='1' AIRFLOW_CTX_DAG_RUN_ID='manual__2024-10-12T07:56:49.673130+00:00'
[2024-10-12T02:57:35.182-0500] {taskinstance.py:430} INFO - ::endgroup::
[2024-10-12T02:57:35.188-0500] {process_utils.py:183} INFO - Executing cmd: /home/***/.local/bin/python -m virtualenv /tmp/venv1pp94fwb --python=python
[2024-10-12T02:57:35.198-0500] {process_utils.py:187} INFO - Output:
[2024-10-12T02:57:36.915-0500] {process_utils.py:191} INFO - created virtual environment CPython3.12.4.final.0-64 in 687ms
[2024-10-12T02:57:36.916-0500] {process_utils.py:191} INFO -   creator CPython3Posix(dest=/tmp/venv1pp94fwb, clear=False, no_vcs_ignore=False, global=False)
[2024-10-12T02:57:36.917-0500] {process_utils.py:191} INFO -   seeder FromAppData(download=False, pip=bundle, via=copy, app_data_dir=/home/***/.local/share/virtualenv)
[2024-10-12T02:57:36.917-0500] {process_utils.py:191} INFO -     added seed packages: pip==24.1
[2024-10-12T02:57:36.918-0500] {process_utils.py:191} INFO -   activators BashActivator,CShellActivator,FishActivator,NushellActivator,PowerShellActivator,PythonActivator
[2024-10-12T02:57:36.965-0500] {process_utils.py:183} INFO - Executing cmd: /tmp/venv1pp94fwb/bin/pip install -r /tmp/venv1pp94fwb/requirements.txt
[2024-10-12T02:57:36.968-0500] {process_utils.py:187} INFO - Output:
[2024-10-12T02:57:40.531-0500] {process_utils.py:191} INFO - Collecting joblib (from -r /tmp/venv1pp94fwb/requirements.txt (line 1))
[2024-10-12T02:57:40.536-0500] {process_utils.py:191} INFO -   Using cached joblib-1.4.2-py3-none-any.whl.metadata (5.4 kB)
[2024-10-12T02:57:40.869-0500] {process_utils.py:191} INFO - Collecting numpy (from -r /tmp/venv1pp94fwb/requirements.txt (line 2))
[2024-10-12T02:57:40.881-0500] {process_utils.py:191} INFO -   Using cached numpy-2.1.2-cp312-cp312-manylinux_2_17_x86_64.manylinux2014_x86_64.whl.metadata (60 kB)
[2024-10-12T02:57:41.195-0500] {process_utils.py:191} INFO - Collecting pandas (from -r /tmp/venv1pp94fwb/requirements.txt (line 3))
[2024-10-12T02:57:41.199-0500] {process_utils.py:191} INFO -   Using cached pandas-2.2.3-cp312-cp312-manylinux_2_17_x86_64.manylinux2014_x86_64.whl.metadata (89 kB)
[2024-10-12T02:57:41.507-0500] {process_utils.py:191} INFO - Collecting scikit-learn (from -r /tmp/venv1pp94fwb/requirements.txt (line 4))
[2024-10-12T02:57:41.511-0500] {process_utils.py:191} INFO -   Using cached scikit_learn-1.5.2-cp312-cp312-manylinux_2_17_x86_64.manylinux2014_x86_64.whl.metadata (13 kB)
[2024-10-12T02:57:41.599-0500] {process_utils.py:191} INFO - Collecting python-dateutil>=2.8.2 (from pandas->-r /tmp/venv1pp94fwb/requirements.txt (line 3))
[2024-10-12T02:57:41.602-0500] {process_utils.py:191} INFO -   Using cached python_dateutil-2.9.0.post0-py2.py3-none-any.whl.metadata (8.4 kB)
[2024-10-12T02:57:41.758-0500] {process_utils.py:191} INFO - Collecting pytz>=2020.1 (from pandas->-r /tmp/venv1pp94fwb/requirements.txt (line 3))
[2024-10-12T02:57:41.762-0500] {process_utils.py:191} INFO -   Using cached pytz-2024.2-py2.py3-none-any.whl.metadata (22 kB)
[2024-10-12T02:57:41.816-0500] {process_utils.py:191} INFO - Collecting tzdata>=2022.7 (from pandas->-r /tmp/venv1pp94fwb/requirements.txt (line 3))
[2024-10-12T02:57:41.819-0500] {process_utils.py:191} INFO -   Using cached tzdata-2024.2-py2.py3-none-any.whl.metadata (1.4 kB)
[2024-10-12T02:57:42.057-0500] {process_utils.py:191} INFO - Collecting scipy>=1.6.0 (from scikit-learn->-r /tmp/venv1pp94fwb/requirements.txt (line 4))
[2024-10-12T02:57:42.061-0500] {process_utils.py:191} INFO -   Using cached scipy-1.14.1-cp312-cp312-manylinux_2_17_x86_64.manylinux2014_x86_64.whl.metadata (60 kB)
[2024-10-12T02:57:42.212-0500] {process_utils.py:191} INFO - Collecting threadpoolctl>=3.1.0 (from scikit-learn->-r /tmp/venv1pp94fwb/requirements.txt (line 4))
[2024-10-12T02:57:42.216-0500] {process_utils.py:191} INFO -   Using cached threadpoolctl-3.5.0-py3-none-any.whl.metadata (13 kB)
[2024-10-12T02:57:42.271-0500] {process_utils.py:191} INFO - Collecting six>=1.5 (from python-dateutil>=2.8.2->pandas->-r /tmp/venv1pp94fwb/requirements.txt (line 3))
[2024-10-12T02:57:42.275-0500] {process_utils.py:191} INFO -   Using cached six-1.16.0-py2.py3-none-any.whl.metadata (1.8 kB)
[2024-10-12T02:57:42.310-0500] {process_utils.py:191} INFO - Using cached joblib-1.4.2-py3-none-any.whl (301 kB)
[2024-10-12T02:57:42.324-0500] {process_utils.py:191} INFO - Using cached numpy-2.1.2-cp312-cp312-manylinux_2_17_x86_64.manylinux2014_x86_64.whl (16.0 MB)
[2024-10-12T02:57:43.030-0500] {process_utils.py:191} INFO - Using cached pandas-2.2.3-cp312-cp312-manylinux_2_17_x86_64.manylinux2014_x86_64.whl (12.7 MB)
[2024-10-12T02:57:43.432-0500] {process_utils.py:191} INFO - Using cached scikit_learn-1.5.2-cp312-cp312-manylinux_2_17_x86_64.manylinux2014_x86_64.whl (12.9 MB)
[2024-10-12T02:57:43.755-0500] {process_utils.py:191} INFO - Using cached python_dateutil-2.9.0.post0-py2.py3-none-any.whl (229 kB)
[2024-10-12T02:57:43.760-0500] {process_utils.py:191} INFO - Using cached pytz-2024.2-py2.py3-none-any.whl (508 kB)
[2024-10-12T02:57:43.774-0500] {process_utils.py:191} INFO - Using cached scipy-1.14.1-cp312-cp312-manylinux_2_17_x86_64.manylinux2014_x86_64.whl (40.8 MB)
[2024-10-12T02:57:51.130-0500] {process_utils.py:191} INFO - Using cached threadpoolctl-3.5.0-py3-none-any.whl (18 kB)
[2024-10-12T02:57:51.133-0500] {process_utils.py:191} INFO - Using cached tzdata-2024.2-py2.py3-none-any.whl (346 kB)
[2024-10-12T02:57:51.146-0500] {process_utils.py:191} INFO - Using cached six-1.16.0-py2.py3-none-any.whl (11 kB)
[2024-10-12T02:57:51.729-0500] {process_utils.py:191} INFO - Installing collected packages: pytz, tzdata, threadpoolctl, six, numpy, joblib, scipy, python-dateutil, scikit-learn, pandas
[2024-10-12T02:58:39.404-0500] {process_utils.py:191} INFO - Successfully installed joblib-1.4.2 numpy-2.1.2 pandas-2.2.3 python-dateutil-2.9.0.post0 pytz-2024.2 scikit-learn-1.5.2 scipy-1.14.1 six-1.16.0 threadpoolctl-3.5.0 tzdata-2024.2
[2024-10-12T02:58:40.273-0500] {process_utils.py:191} INFO - 
[2024-10-12T02:58:40.274-0500] {process_utils.py:191} INFO - [notice] A new release of pip is available: 24.1 -> 24.2
[2024-10-12T02:58:40.274-0500] {process_utils.py:191} INFO - [notice] To update, run: python -m pip install --upgrade pip
[2024-10-12T02:58:40.616-0500] {process_utils.py:183} INFO - Executing cmd: /tmp/venv1pp94fwb/bin/python /tmp/venv-calltjyaz7_0/script.py /tmp/venv-calltjyaz7_0/script.in /tmp/venv-calltjyaz7_0/script.out /tmp/venv-calltjyaz7_0/string_args.txt /tmp/venv-calltjyaz7_0/termination.log
[2024-10-12T02:58:40.617-0500] {process_utils.py:187} INFO - Output:
[2024-10-12T02:58:44.512-0500] {process_utils.py:191} INFO - Predicción Generada
[2024-10-12T02:58:45.692-0500] {python.py:237} INFO - Done. Returned value was: None
[2024-10-12T02:58:45.693-0500] {taskinstance.py:441} INFO - ::group::Post task execution logs
[2024-10-12T02:58:45.717-0500] {taskinstance.py:1206} INFO - Marking task as SUCCESS. dag_id=train_dag, task_id=prediction_model, run_id=manual__2024-10-12T07:56:49.673130+00:00, execution_date=20241012T075649, start_date=20241012T075734, end_date=20241012T075845
[2024-10-12T02:58:45.793-0500] {local_task_job_runner.py:243} INFO - Task exited with return code 0
[2024-10-12T02:58:45.860-0500] {taskinstance.py:3503} INFO - 1 downstream tasks scheduled from follow-on schedule check
[2024-10-12T02:58:45.864-0500] {local_task_job_runner.py:222} INFO - ::endgroup::
